\BOOKMARK [2][]{Outline0.1}{\376\377\000I\000n\000t\000r\000o\000d\000u\000c\000t\000i\000o\000n}{}% 1
\BOOKMARK [2][]{Outline0.2}{\376\377\000O\000v\000e\000r\000v\000i\000e\000w\000:\000\040\000Q\000I\000S\000\040\000i\000n\000\040\000N\000M}{}% 2
\BOOKMARK [2][]{Outline0.3}{\376\377\000S\000a\000f\000e\000t\000y}{}% 3
\BOOKMARK [2][]{Outline0.4}{\376\377\000P\000y\000t\000h\000o\000n}{}% 4
\BOOKMARK [2][]{Outline0.5}{\376\377\000A\000t\000o\000m\000i\000c\000\040\000Q\000u\000a\000n\000t\000u\000m\000\040\000S\000y\000s\000t\000e\000m\000s}{}% 5
\BOOKMARK [2][]{Outline0.6}{\376\377\000V\000a\000c\000u\000u\000m\000\040\000S\000y\000s\000t\000e\000m\000s}{}% 6
\BOOKMARK [2][]{Outline0.7}{\376\377\000G\000e\000o\000m\000e\000t\000r\000i\000c\000\040\000O\000p\000t\000i\000c\000s}{}% 7
\BOOKMARK [2][]{Outline0.8}{\376\377\000M\000a\000t\000h\000\040\000I\000n\000t\000e\000r\000l\000u\000d\000e\000:\000\040\000T\000r\000i\000g\000o\000n\000o\000m\000e\000t\000r\000y}{}% 8
\BOOKMARK [2][]{Outline0.9}{\376\377\000R\000e\000t\000u\000r\000n\000\040\000t\000o\000\040\000G\000e\000o\000m\000e\000t\000r\000i\000c\000\040\000O\000p\000t\000i\000c\000s}{}% 9
\BOOKMARK [2][]{Outline0.10}{\376\377\000L\000e\000n\000s}{}% 10
\BOOKMARK [2][]{Outline0.11}{\376\377\000M\000a\000t\000h\000\040\000I\000n\000t\000e\000r\000l\000u\000d\000e\000:\000\040\000P\000r\000o\000b\000a\000b\000i\000l\000i\000t\000y}{}% 11
\BOOKMARK [2][]{Outline0.12}{\376\377\000O\000p\000t\000i\000c\000a\000l\000\040\000T\000w\000e\000e\000z\000e\000r\000s}{}% 12
\BOOKMARK [2][]{Outline0.13}{\376\377\000M\000i\000r\000r\000o\000r\000s}{}% 13
\BOOKMARK [2][]{Outline0.14}{\376\377\000V\000i\000s\000i\000o\000n}{}% 14
\BOOKMARK [2][]{Outline0.15}{\376\377\000W\000a\000v\000e\000\040\000O\000p\000t\000i\000c\000s}{}% 15
\BOOKMARK [2][]{Outline0.16}{\376\377\000I\000n\000t\000e\000r\000f\000e\000r\000o\000m\000e\000t\000r\000y}{}% 16
\BOOKMARK [2][]{Outline0.17}{\376\377\000P\000o\000l\000a\000r\000i\000z\000a\000t\000i\000o\000n}{}% 17
\BOOKMARK [2][]{Outline0.18}{\376\377\000Q\000u\000a\000n\000t\000u\000m\000\040\000C\000r\000y\000p\000t\000o\000g\000r\000a\000p\000h\000y\000\040\000-\000\040\000Q\000u\000a\000n\000t\000u\000m\000\040\000K\000e\000y\000\040\000D\000i\000s\000t\000r\000i\000b\000u\000t\000i\000o\000n}{}% 18
\BOOKMARK [2][]{Outline0.19}{\376\377\000T\000h\000e\000\040\000A\000t\000o\000m\000\040\000a\000n\000d\000\040\000Q\000u\000a\000n\000t\000u\000m\000\040\000M\000e\000c\000h\000a\000n\000i\000c\000s}{}% 19
\BOOKMARK [2][]{Outline0.20}{\376\377\000T\000h\000e\000\040\000L\000a\000s\000e\000r}{}% 20
\BOOKMARK [2][]{Outline0.21}{\376\377\000E\000n\000t\000a\000n\000g\000l\000e\000m\000e\000n\000t}{}% 21
\BOOKMARK [2][]{Outline0.22}{\376\377\000S\000c\000h\000r\000o\000d\000e\000n\000g\000e\000r\000'\000s\000\040\000A\000t\000o\000m}{}% 22
\BOOKMARK [2][]{Outline0.23}{\376\377\000W\000h\000a\000t\000\040\000i\000s\000\040\000a\000\040\000Q\000u\000b\000i\000t}{}% 23
\BOOKMARK [2][]{Outline0.24}{\376\377\000Q\000u\000a\000n\000t\000u\000m\000\040\000C\000o\000m\000p\000u\000t\000i\000n\000g}{}% 24
