This is pdfTeX, Version 3.141592653-2.6-1.40.24 (TeX Live 2022) (preloaded format=pdflatex 2022.11.28)  12 SEP 2025 13:34
entering extended mode
 restricted \write18 enabled.
 %&-line parsing enabled.
**quantum_math.tex
(./quantum_math.tex
LaTeX2e <2021-11-15> patch level 1
L3 programming layer <2022-02-24>
(/usr/local/texlive/2022/texmf-dist/tex/latex/beamer/beamer.cls
Document Class: beamer 2022/02/08 v3.66 A class for typesetting presentations
(/usr/local/texlive/2022/texmf-dist/tex/latex/beamer/beamerbasemodes.sty
(/usr/local/texlive/2022/texmf-dist/tex/latex/etoolbox/etoolbox.sty
Package: etoolbox 2020/10/05 v2.5k e-TeX tools for LaTeX (JAW)
\etb@tempcnta=\count185
)
\beamer@tempbox=\box50
\beamer@tempcount=\count186
\c@beamerpauses=\count187

(/usr/local/texlive/2022/texmf-dist/tex/latex/beamer/beamerbasedecode.sty
\beamer@slideinframe=\count188
\beamer@minimum=\count189
\beamer@decode@box=\box51
)
\beamer@commentbox=\box52
\beamer@modecount=\count190
)
(/usr/local/texlive/2022/texmf-dist/tex/generic/iftex/iftex.sty
Package: iftex 2022/02/03 v1.0f TeX engine tests
)
\headdp=\dimen138
\footheight=\dimen139
\sidebarheight=\dimen140
\beamer@tempdim=\dimen141
\beamer@finalheight=\dimen142
\beamer@animht=\dimen143
\beamer@animdp=\dimen144
\beamer@animwd=\dimen145
\beamer@leftmargin=\dimen146
\beamer@rightmargin=\dimen147
\beamer@leftsidebar=\dimen148
\beamer@rightsidebar=\dimen149
\beamer@boxsize=\dimen150
\beamer@vboxoffset=\dimen151
\beamer@descdefault=\dimen152
\beamer@descriptionwidth=\dimen153
\beamer@lastskip=\skip47
\beamer@areabox=\box53
\beamer@animcurrent=\box54
\beamer@animshowbox=\box55
\beamer@sectionbox=\box56
\beamer@logobox=\box57
\beamer@linebox=\box58
\beamer@sectioncount=\count191
\beamer@subsubsectionmax=\count192
\beamer@subsectionmax=\count193
\beamer@sectionmax=\count194
\beamer@totalheads=\count195
\beamer@headcounter=\count196
\beamer@partstartpage=\count197
\beamer@sectionstartpage=\count198
\beamer@subsectionstartpage=\count199
\beamer@animationtempa=\count266
\beamer@animationtempb=\count267
\beamer@xpos=\count268
\beamer@ypos=\count269
\beamer@ypos@offset=\count270
\beamer@showpartnumber=\count271
\beamer@currentsubsection=\count272
\beamer@coveringdepth=\count273
\beamer@sectionadjust=\count274
\beamer@toclastsection=\count275
\beamer@tocsectionnumber=\count276

(/usr/local/texlive/2022/texmf-dist/tex/latex/beamer/beamerbaseoptions.sty
(/usr/local/texlive/2022/texmf-dist/tex/latex/graphics/keyval.sty
Package: keyval 2014/10/28 v1.15 key=value parser (DPC)
\KV@toks@=\toks16
))
\beamer@paperwidth=\skip48
\beamer@paperheight=\skip49

(/usr/local/texlive/2022/texmf-dist/tex/latex/geometry/geometry.sty
Package: geometry 2020/01/02 v5.9 Page Geometry

(/usr/local/texlive/2022/texmf-dist/tex/generic/iftex/ifvtex.sty
Package: ifvtex 2019/10/25 v1.7 ifvtex legacy package. Use iftex instead.
)
\Gm@cnth=\count277
\Gm@cntv=\count278
\c@Gm@tempcnt=\count279
\Gm@bindingoffset=\dimen154
\Gm@wd@mp=\dimen155
\Gm@odd@mp=\dimen156
\Gm@even@mp=\dimen157
\Gm@layoutwidth=\dimen158
\Gm@layoutheight=\dimen159
\Gm@layouthoffset=\dimen160
\Gm@layoutvoffset=\dimen161
\Gm@dimlist=\toks17
)
(/usr/local/texlive/2022/texmf-dist/tex/latex/pgf/math/pgfmath.sty
(/usr/local/texlive/2022/texmf-dist/tex/latex/pgf/utilities/pgfrcs.sty
(/usr/local/texlive/2022/texmf-dist/tex/generic/pgf/utilities/pgfutil-common.te
x
\pgfutil@everybye=\toks18
\pgfutil@tempdima=\dimen162
\pgfutil@tempdimb=\dimen163

(/usr/local/texlive/2022/texmf-dist/tex/generic/pgf/utilities/pgfutil-common-li
sts.tex))
(/usr/local/texlive/2022/texmf-dist/tex/generic/pgf/utilities/pgfutil-latex.def
\pgfutil@abb=\box59
) (/usr/local/texlive/2022/texmf-dist/tex/generic/pgf/utilities/pgfrcs.code.tex
(/usr/local/texlive/2022/texmf-dist/tex/generic/pgf/pgf.revision.tex)
Package: pgfrcs 2021/05/15 v3.1.9a (3.1.9a)
))
(/usr/local/texlive/2022/texmf-dist/tex/latex/pgf/utilities/pgfkeys.sty
(/usr/local/texlive/2022/texmf-dist/tex/generic/pgf/utilities/pgfkeys.code.tex
\pgfkeys@pathtoks=\toks19
\pgfkeys@temptoks=\toks20

(/usr/local/texlive/2022/texmf-dist/tex/generic/pgf/utilities/pgfkeysfiltered.c
ode.tex
\pgfkeys@tmptoks=\toks21
)))
(/usr/local/texlive/2022/texmf-dist/tex/generic/pgf/math/pgfmath.code.tex
(/usr/local/texlive/2022/texmf-dist/tex/generic/pgf/math/pgfmathcalc.code.tex
(/usr/local/texlive/2022/texmf-dist/tex/generic/pgf/math/pgfmathutil.code.tex
\pgf@x=\dimen164
\pgf@xa=\dimen165
\pgf@xb=\dimen166
\pgf@xc=\dimen167
\pgf@y=\dimen168
\pgf@ya=\dimen169
\pgf@yb=\dimen170
\pgf@yc=\dimen171
\c@pgf@counta=\count280
\c@pgf@countb=\count281
\c@pgf@countc=\count282
\c@pgf@countd=\count283
)
(/usr/local/texlive/2022/texmf-dist/tex/generic/pgf/math/pgfmathparser.code.tex
\pgfmath@dimen=\dimen172
\pgfmath@count=\count284
\pgfmath@box=\box60
\pgfmath@toks=\toks22
\pgfmath@stack@operand=\toks23
\pgfmath@stack@operation=\toks24
)
(/usr/local/texlive/2022/texmf-dist/tex/generic/pgf/math/pgfmathfunctions.code.
tex
(/usr/local/texlive/2022/texmf-dist/tex/generic/pgf/math/pgfmathfunctions.basic
.code.tex)
(/usr/local/texlive/2022/texmf-dist/tex/generic/pgf/math/pgfmathfunctions.trigo
nometric.code.tex)
(/usr/local/texlive/2022/texmf-dist/tex/generic/pgf/math/pgfmathfunctions.rando
m.code.tex)
(/usr/local/texlive/2022/texmf-dist/tex/generic/pgf/math/pgfmathfunctions.compa
rison.code.tex)
(/usr/local/texlive/2022/texmf-dist/tex/generic/pgf/math/pgfmathfunctions.base.
code.tex)
(/usr/local/texlive/2022/texmf-dist/tex/generic/pgf/math/pgfmathfunctions.round
.code.tex)
(/usr/local/texlive/2022/texmf-dist/tex/generic/pgf/math/pgfmathfunctions.misc.
code.tex)
(/usr/local/texlive/2022/texmf-dist/tex/generic/pgf/math/pgfmathfunctions.integ
erarithmetics.code.tex)))
(/usr/local/texlive/2022/texmf-dist/tex/generic/pgf/math/pgfmathfloat.code.tex
\c@pgfmathroundto@lastzeros=\count285
))) (/usr/local/texlive/2022/texmf-dist/tex/latex/base/size11.clo
File: size11.clo 2021/10/04 v1.4n Standard LaTeX file (size option)
)
(/usr/local/texlive/2022/texmf-dist/tex/latex/pgf/basiclayer/pgfcore.sty
(/usr/local/texlive/2022/texmf-dist/tex/latex/graphics/graphicx.sty
Package: graphicx 2021/09/16 v1.2d Enhanced LaTeX Graphics (DPC,SPQR)

(/usr/local/texlive/2022/texmf-dist/tex/latex/graphics/graphics.sty
Package: graphics 2021/03/04 v1.4d Standard LaTeX Graphics (DPC,SPQR)

(/usr/local/texlive/2022/texmf-dist/tex/latex/graphics/trig.sty
Package: trig 2021/08/11 v1.11 sin cos tan (DPC)
)
(/usr/local/texlive/2022/texmf-dist/tex/latex/graphics-cfg/graphics.cfg
File: graphics.cfg 2016/06/04 v1.11 sample graphics configuration
)
Package graphics Info: Driver file: pdftex.def on input line 107.

(/usr/local/texlive/2022/texmf-dist/tex/latex/graphics-def/pdftex.def
File: pdftex.def 2020/10/05 v1.2a Graphics/color driver for pdftex
))
\Gin@req@height=\dimen173
\Gin@req@width=\dimen174
)
(/usr/local/texlive/2022/texmf-dist/tex/latex/pgf/systemlayer/pgfsys.sty
(/usr/local/texlive/2022/texmf-dist/tex/generic/pgf/systemlayer/pgfsys.code.tex
Package: pgfsys 2021/05/15 v3.1.9a (3.1.9a)
(/usr/local/texlive/2022/texmf-dist/tex/generic/pgf/utilities/pgfkeys.code.tex)
\pgf@x=\dimen175
\pgf@y=\dimen176
\pgf@xa=\dimen177
\pgf@ya=\dimen178
\pgf@xb=\dimen179
\pgf@yb=\dimen180
\pgf@xc=\dimen181
\pgf@yc=\dimen182
\pgf@xd=\dimen183
\pgf@yd=\dimen184
\w@pgf@writea=\write3
\r@pgf@reada=\read2
\c@pgf@counta=\count286
\c@pgf@countb=\count287
\c@pgf@countc=\count288
\c@pgf@countd=\count289
\t@pgf@toka=\toks25
\t@pgf@tokb=\toks26
\t@pgf@tokc=\toks27
\pgf@sys@id@count=\count290
(/usr/local/texlive/2022/texmf-dist/tex/generic/pgf/systemlayer/pgf.cfg
File: pgf.cfg 2021/05/15 v3.1.9a (3.1.9a)
)
Driver file for pgf: pgfsys-pdftex.def

(/usr/local/texlive/2022/texmf-dist/tex/generic/pgf/systemlayer/pgfsys-pdftex.d
ef
File: pgfsys-pdftex.def 2021/05/15 v3.1.9a (3.1.9a)

(/usr/local/texlive/2022/texmf-dist/tex/generic/pgf/systemlayer/pgfsys-common-p
df.def
File: pgfsys-common-pdf.def 2021/05/15 v3.1.9a (3.1.9a)
)))
(/usr/local/texlive/2022/texmf-dist/tex/generic/pgf/systemlayer/pgfsyssoftpath.
code.tex
File: pgfsyssoftpath.code.tex 2021/05/15 v3.1.9a (3.1.9a)
\pgfsyssoftpath@smallbuffer@items=\count291
\pgfsyssoftpath@bigbuffer@items=\count292
)
(/usr/local/texlive/2022/texmf-dist/tex/generic/pgf/systemlayer/pgfsysprotocol.
code.tex
File: pgfsysprotocol.code.tex 2021/05/15 v3.1.9a (3.1.9a)
)) (/usr/local/texlive/2022/texmf-dist/tex/latex/xcolor/xcolor.sty
Package: xcolor 2021/10/31 v2.13 LaTeX color extensions (UK)

(/usr/local/texlive/2022/texmf-dist/tex/latex/graphics-cfg/color.cfg
File: color.cfg 2016/01/02 v1.6 sample color configuration
)
Package xcolor Info: Driver file: pdftex.def on input line 227.
Package xcolor Info: Model `cmy' substituted by `cmy0' on input line 1352.
Package xcolor Info: Model `hsb' substituted by `rgb' on input line 1356.
Package xcolor Info: Model `RGB' extended on input line 1368.
Package xcolor Info: Model `HTML' substituted by `rgb' on input line 1370.
Package xcolor Info: Model `Hsb' substituted by `hsb' on input line 1371.
Package xcolor Info: Model `tHsb' substituted by `hsb' on input line 1372.
Package xcolor Info: Model `HSB' substituted by `hsb' on input line 1373.
Package xcolor Info: Model `Gray' substituted by `gray' on input line 1374.
Package xcolor Info: Model `wave' substituted by `hsb' on input line 1375.
)
(/usr/local/texlive/2022/texmf-dist/tex/generic/pgf/basiclayer/pgfcore.code.tex
Package: pgfcore 2021/05/15 v3.1.9a (3.1.9a)
(/usr/local/texlive/2022/texmf-dist/tex/generic/pgf/math/pgfmath.code.tex)
(/usr/local/texlive/2022/texmf-dist/tex/generic/pgf/math/pgfint.code.tex)
(/usr/local/texlive/2022/texmf-dist/tex/generic/pgf/basiclayer/pgfcorepoints.co
de.tex
File: pgfcorepoints.code.tex 2021/05/15 v3.1.9a (3.1.9a)
\pgf@picminx=\dimen185
\pgf@picmaxx=\dimen186
\pgf@picminy=\dimen187
\pgf@picmaxy=\dimen188
\pgf@pathminx=\dimen189
\pgf@pathmaxx=\dimen190
\pgf@pathminy=\dimen191
\pgf@pathmaxy=\dimen192
\pgf@xx=\dimen193
\pgf@xy=\dimen194
\pgf@yx=\dimen195
\pgf@yy=\dimen196
\pgf@zx=\dimen197
\pgf@zy=\dimen198
)
(/usr/local/texlive/2022/texmf-dist/tex/generic/pgf/basiclayer/pgfcorepathconst
ruct.code.tex
File: pgfcorepathconstruct.code.tex 2021/05/15 v3.1.9a (3.1.9a)
\pgf@path@lastx=\dimen199
\pgf@path@lasty=\dimen256
)
(/usr/local/texlive/2022/texmf-dist/tex/generic/pgf/basiclayer/pgfcorepathusage
.code.tex
File: pgfcorepathusage.code.tex 2021/05/15 v3.1.9a (3.1.9a)
\pgf@shorten@end@additional=\dimen257
\pgf@shorten@start@additional=\dimen258
)
(/usr/local/texlive/2022/texmf-dist/tex/generic/pgf/basiclayer/pgfcorescopes.co
de.tex
File: pgfcorescopes.code.tex 2021/05/15 v3.1.9a (3.1.9a)
\pgfpic=\box61
\pgf@hbox=\box62
\pgf@layerbox@main=\box63
\pgf@picture@serial@count=\count293
)
(/usr/local/texlive/2022/texmf-dist/tex/generic/pgf/basiclayer/pgfcoregraphicst
ate.code.tex
File: pgfcoregraphicstate.code.tex 2021/05/15 v3.1.9a (3.1.9a)
\pgflinewidth=\dimen259
)
(/usr/local/texlive/2022/texmf-dist/tex/generic/pgf/basiclayer/pgfcoretransform
ations.code.tex
File: pgfcoretransformations.code.tex 2021/05/15 v3.1.9a (3.1.9a)
\pgf@pt@x=\dimen260
\pgf@pt@y=\dimen261
\pgf@pt@temp=\dimen262
)
(/usr/local/texlive/2022/texmf-dist/tex/generic/pgf/basiclayer/pgfcorequick.cod
e.tex
File: pgfcorequick.code.tex 2021/05/15 v3.1.9a (3.1.9a)
)
(/usr/local/texlive/2022/texmf-dist/tex/generic/pgf/basiclayer/pgfcoreobjects.c
ode.tex
File: pgfcoreobjects.code.tex 2021/05/15 v3.1.9a (3.1.9a)
)
(/usr/local/texlive/2022/texmf-dist/tex/generic/pgf/basiclayer/pgfcorepathproce
ssing.code.tex
File: pgfcorepathprocessing.code.tex 2021/05/15 v3.1.9a (3.1.9a)
)
(/usr/local/texlive/2022/texmf-dist/tex/generic/pgf/basiclayer/pgfcorearrows.co
de.tex
File: pgfcorearrows.code.tex 2021/05/15 v3.1.9a (3.1.9a)
\pgfarrowsep=\dimen263
)
(/usr/local/texlive/2022/texmf-dist/tex/generic/pgf/basiclayer/pgfcoreshade.cod
e.tex
File: pgfcoreshade.code.tex 2021/05/15 v3.1.9a (3.1.9a)
\pgf@max=\dimen264
\pgf@sys@shading@range@num=\count294
\pgf@shadingcount=\count295
)
(/usr/local/texlive/2022/texmf-dist/tex/generic/pgf/basiclayer/pgfcoreimage.cod
e.tex
File: pgfcoreimage.code.tex 2021/05/15 v3.1.9a (3.1.9a)

(/usr/local/texlive/2022/texmf-dist/tex/generic/pgf/basiclayer/pgfcoreexternal.
code.tex
File: pgfcoreexternal.code.tex 2021/05/15 v3.1.9a (3.1.9a)
\pgfexternal@startupbox=\box64
))
(/usr/local/texlive/2022/texmf-dist/tex/generic/pgf/basiclayer/pgfcorelayers.co
de.tex
File: pgfcorelayers.code.tex 2021/05/15 v3.1.9a (3.1.9a)
)
(/usr/local/texlive/2022/texmf-dist/tex/generic/pgf/basiclayer/pgfcoretranspare
ncy.code.tex
File: pgfcoretransparency.code.tex 2021/05/15 v3.1.9a (3.1.9a)
)
(/usr/local/texlive/2022/texmf-dist/tex/generic/pgf/basiclayer/pgfcorepatterns.
code.tex
File: pgfcorepatterns.code.tex 2021/05/15 v3.1.9a (3.1.9a)
)
(/usr/local/texlive/2022/texmf-dist/tex/generic/pgf/basiclayer/pgfcorerdf.code.
tex
File: pgfcorerdf.code.tex 2021/05/15 v3.1.9a (3.1.9a)
))) (/usr/local/texlive/2022/texmf-dist/tex/latex/pgf/utilities/xxcolor.sty
Package: xxcolor 2003/10/24 ver 0.1
\XC@nummixins=\count296
\XC@countmixins=\count297
) (/usr/local/texlive/2022/texmf-dist/tex/latex/base/atbegshi-ltx.sty
Package: atbegshi-ltx 2021/01/10 v1.0c Emulation of the original atbegshi
package with kernel methods
)
(/usr/local/texlive/2022/texmf-dist/tex/latex/hyperref/hyperref.sty
Package: hyperref 2022-02-21 v7.00n Hypertext links for LaTeX

(/usr/local/texlive/2022/texmf-dist/tex/generic/ltxcmds/ltxcmds.sty
Package: ltxcmds 2020-05-10 v1.25 LaTeX kernel commands for general use (HO)
)
(/usr/local/texlive/2022/texmf-dist/tex/generic/pdftexcmds/pdftexcmds.sty
Package: pdftexcmds 2020-06-27 v0.33 Utility functions of pdfTeX for LuaTeX (HO
)

(/usr/local/texlive/2022/texmf-dist/tex/generic/infwarerr/infwarerr.sty
Package: infwarerr 2019/12/03 v1.5 Providing info/warning/error messages (HO)
)
Package pdftexcmds Info: \pdf@primitive is available.
Package pdftexcmds Info: \pdf@ifprimitive is available.
Package pdftexcmds Info: \pdfdraftmode found.
)
(/usr/local/texlive/2022/texmf-dist/tex/generic/kvsetkeys/kvsetkeys.sty
Package: kvsetkeys 2019/12/15 v1.18 Key value parser (HO)
)
(/usr/local/texlive/2022/texmf-dist/tex/generic/kvdefinekeys/kvdefinekeys.sty
Package: kvdefinekeys 2019-12-19 v1.6 Define keys (HO)
)
(/usr/local/texlive/2022/texmf-dist/tex/generic/pdfescape/pdfescape.sty
Package: pdfescape 2019/12/09 v1.15 Implements pdfTeX's escape features (HO)
)
(/usr/local/texlive/2022/texmf-dist/tex/latex/hycolor/hycolor.sty
Package: hycolor 2020-01-27 v1.10 Color options for hyperref/bookmark (HO)
)
(/usr/local/texlive/2022/texmf-dist/tex/latex/letltxmacro/letltxmacro.sty
Package: letltxmacro 2019/12/03 v1.6 Let assignment for LaTeX macros (HO)
)
(/usr/local/texlive/2022/texmf-dist/tex/latex/auxhook/auxhook.sty
Package: auxhook 2019-12-17 v1.6 Hooks for auxiliary files (HO)
)
(/usr/local/texlive/2022/texmf-dist/tex/latex/kvoptions/kvoptions.sty
Package: kvoptions 2020-10-07 v3.14 Key value format for package options (HO)
)
\@linkdim=\dimen265
\Hy@linkcounter=\count298
\Hy@pagecounter=\count299

(/usr/local/texlive/2022/texmf-dist/tex/latex/hyperref/pd1enc.def
File: pd1enc.def 2022-02-21 v7.00n Hyperref: PDFDocEncoding definition (HO)
Now handling font encoding PD1 ...
... no UTF-8 mapping file for font encoding PD1
)
(/usr/local/texlive/2022/texmf-dist/tex/generic/intcalc/intcalc.sty
Package: intcalc 2019/12/15 v1.3 Expandable calculations with integers (HO)
)
(/usr/local/texlive/2022/texmf-dist/tex/generic/etexcmds/etexcmds.sty
Package: etexcmds 2019/12/15 v1.7 Avoid name clashes with e-TeX commands (HO)
)
\Hy@SavedSpaceFactor=\count300

(/usr/local/texlive/2022/texmf-dist/tex/latex/hyperref/puenc.def
File: puenc.def 2022-02-21 v7.00n Hyperref: PDF Unicode definition (HO)
Now handling font encoding PU ...
... no UTF-8 mapping file for font encoding PU
)
Package hyperref Info: Option `bookmarks' set `true' on input line 4018.
Package hyperref Info: Option `bookmarksopen' set `true' on input line 4018.
Package hyperref Info: Option `implicit' set `false' on input line 4018.
Package hyperref Info: Hyper figures OFF on input line 4137.
Package hyperref Info: Link nesting OFF on input line 4142.
Package hyperref Info: Hyper index ON on input line 4145.
Package hyperref Info: Plain pages OFF on input line 4152.
Package hyperref Info: Backreferencing OFF on input line 4157.
Package hyperref Info: Implicit mode OFF; no redefinition of LaTeX internals.
Package hyperref Info: Bookmarks ON on input line 4390.
\c@Hy@tempcnt=\count301

(/usr/local/texlive/2022/texmf-dist/tex/latex/url/url.sty
\Urlmuskip=\muskip16
Package: url 2013/09/16  ver 3.4  Verb mode for urls, etc.
)
LaTeX Info: Redefining \url on input line 4749.
\XeTeXLinkMargin=\dimen266

(/usr/local/texlive/2022/texmf-dist/tex/generic/bitset/bitset.sty
Package: bitset 2019/12/09 v1.3 Handle bit-vector datatype (HO)

(/usr/local/texlive/2022/texmf-dist/tex/generic/bigintcalc/bigintcalc.sty
Package: bigintcalc 2019/12/15 v1.5 Expandable calculations on big integers (HO
)
))
\Fld@menulength=\count302
\Field@Width=\dimen267
\Fld@charsize=\dimen268
Package hyperref Info: Hyper figures OFF on input line 6027.
Package hyperref Info: Link nesting OFF on input line 6032.
Package hyperref Info: Hyper index ON on input line 6035.
Package hyperref Info: backreferencing OFF on input line 6042.
Package hyperref Info: Link coloring OFF on input line 6047.
Package hyperref Info: Link coloring with OCG OFF on input line 6052.
Package hyperref Info: PDF/A mode OFF on input line 6057.
LaTeX Info: Redefining \ref on input line 6097.
LaTeX Info: Redefining \pageref on input line 6101.
\Hy@abspage=\count303


Package hyperref Message: Stopped early.

)
Package hyperref Info: Driver (autodetected): hpdftex.
 (/usr/local/texlive/2022/texmf-dist/tex/latex/hyperref/hpdftex.def
File: hpdftex.def 2022-02-21 v7.00n Hyperref driver for pdfTeX

(/usr/local/texlive/2022/texmf-dist/tex/latex/base/atveryend-ltx.sty
Package: atveryend-ltx 2020/08/19 v1.0a Emulation of the original atveryend pac
kage
with kernel methods
)
\Fld@listcount=\count304
\c@bookmark@seq@number=\count305

(/usr/local/texlive/2022/texmf-dist/tex/latex/rerunfilecheck/rerunfilecheck.sty
Package: rerunfilecheck 2019/12/05 v1.9 Rerun checks for auxiliary files (HO)

(/usr/local/texlive/2022/texmf-dist/tex/generic/uniquecounter/uniquecounter.sty
Package: uniquecounter 2019/12/15 v1.4 Provide unlimited unique counter (HO)
)
Package uniquecounter Info: New unique counter `rerunfilecheck' on input line 2
86.
)) (/usr/local/texlive/2022/texmf-dist/tex/latex/beamer/beamerbaserequires.sty
(/usr/local/texlive/2022/texmf-dist/tex/latex/beamer/beamerbasecompatibility.st
y) (/usr/local/texlive/2022/texmf-dist/tex/latex/beamer/beamerbasefont.sty
(/usr/local/texlive/2022/texmf-dist/tex/latex/amsfonts/amssymb.sty
Package: amssymb 2013/01/14 v3.01 AMS font symbols

(/usr/local/texlive/2022/texmf-dist/tex/latex/amsfonts/amsfonts.sty
Package: amsfonts 2013/01/14 v3.01 Basic AMSFonts support
\@emptytoks=\toks28
\symAMSa=\mathgroup4
\symAMSb=\mathgroup5
LaTeX Font Info:    Redeclaring math symbol \hbar on input line 98.
LaTeX Font Info:    Overwriting math alphabet `\mathfrak' in version `bold'
(Font)                  U/euf/m/n --> U/euf/b/n on input line 106.
))
(/usr/local/texlive/2022/texmf-dist/tex/latex/sansmathaccent/sansmathaccent.sty
Package: sansmathaccent 2020/01/31
(/usr/local/texlive/2022/texmf-dist/tex/latex/koma-script/scrlfile.sty
Package: scrlfile 2021/11/13 v3.35 KOMA-Script package (file load hooks)

(/usr/local/texlive/2022/texmf-dist/tex/latex/koma-script/scrlfile-hook.sty
Package: scrlfile-hook 2021/11/13 v3.35 KOMA-Script package (using LaTeX hooks)


(/usr/local/texlive/2022/texmf-dist/tex/latex/koma-script/scrlogo.sty
Package: scrlogo 2021/11/13 v3.35 KOMA-Script package (logo)
)))))
(/usr/local/texlive/2022/texmf-dist/tex/latex/beamer/beamerbasetranslator.sty
(/usr/local/texlive/2022/texmf-dist/tex/latex/translator/translator.sty
Package: translator 2021-05-31 v1.12d Easy translation of strings in LaTeX
))
(/usr/local/texlive/2022/texmf-dist/tex/latex/beamer/beamerbasemisc.sty)
(/usr/local/texlive/2022/texmf-dist/tex/latex/beamer/beamerbasetwoscreens.sty)
(/usr/local/texlive/2022/texmf-dist/tex/latex/beamer/beamerbaseoverlay.sty
\beamer@argscount=\count306
\beamer@lastskipcover=\skip50
\beamer@trivlistdepth=\count307
)
(/usr/local/texlive/2022/texmf-dist/tex/latex/beamer/beamerbasetitle.sty)
(/usr/local/texlive/2022/texmf-dist/tex/latex/beamer/beamerbasesection.sty
\c@lecture=\count308
\c@part=\count309
\c@section=\count310
\c@subsection=\count311
\c@subsubsection=\count312
)
(/usr/local/texlive/2022/texmf-dist/tex/latex/beamer/beamerbaseframe.sty
\beamer@framebox=\box65
\beamer@frametitlebox=\box66
\beamer@zoombox=\box67
\beamer@zoomcount=\count313
\beamer@zoomframecount=\count314
\beamer@frametextheight=\dimen269
\c@subsectionslide=\count315
\beamer@frametopskip=\skip51
\beamer@framebottomskip=\skip52
\beamer@frametopskipautobreak=\skip53
\beamer@framebottomskipautobreak=\skip54
\beamer@envbody=\toks29
\framewidth=\dimen270
\c@framenumber=\count316
)
(/usr/local/texlive/2022/texmf-dist/tex/latex/beamer/beamerbaseverbatim.sty
\beamer@verbatimfileout=\write4
)
(/usr/local/texlive/2022/texmf-dist/tex/latex/beamer/beamerbaseframesize.sty
\beamer@splitbox=\box68
\beamer@autobreakcount=\count317
\beamer@autobreaklastheight=\dimen271
\beamer@frametitletoks=\toks30
\beamer@framesubtitletoks=\toks31
)
(/usr/local/texlive/2022/texmf-dist/tex/latex/beamer/beamerbaseframecomponents.
sty
\beamer@footins=\box69
) (/usr/local/texlive/2022/texmf-dist/tex/latex/beamer/beamerbasecolor.sty)
(/usr/local/texlive/2022/texmf-dist/tex/latex/beamer/beamerbasenotes.sty
\beamer@frameboxcopy=\box70
)
(/usr/local/texlive/2022/texmf-dist/tex/latex/beamer/beamerbasetoc.sty)
(/usr/local/texlive/2022/texmf-dist/tex/latex/beamer/beamerbasetemplates.sty
\beamer@sbttoks=\toks32

(/usr/local/texlive/2022/texmf-dist/tex/latex/beamer/beamerbaseauxtemplates.sty
(/usr/local/texlive/2022/texmf-dist/tex/latex/beamer/beamerbaseboxes.sty
\bmb@box=\box71
\bmb@colorbox=\box72
\bmb@boxwidth=\dimen272
\bmb@boxheight=\dimen273
\bmb@prevheight=\dimen274
\bmb@temp=\dimen275
\bmb@dima=\dimen276
\bmb@dimb=\dimen277
\bmb@prevheight=\dimen278
)
\beamer@blockheadheight=\dimen279
))
(/usr/local/texlive/2022/texmf-dist/tex/latex/beamer/beamerbaselocalstructure.s
ty (/usr/local/texlive/2022/texmf-dist/tex/latex/tools/enumerate.sty
Package: enumerate 2015/07/23 v3.00 enumerate extensions (DPC)
\@enLab=\toks33
)
\beamer@bibiconwidth=\skip55
\c@figure=\count318
\c@table=\count319
\abovecaptionskip=\skip56
\belowcaptionskip=\skip57
)
(/usr/local/texlive/2022/texmf-dist/tex/latex/beamer/beamerbasenavigation.sty
\beamer@section@min@dim=\dimen280
)
(/usr/local/texlive/2022/texmf-dist/tex/latex/beamer/beamerbasetheorems.sty
(/usr/local/texlive/2022/texmf-dist/tex/latex/amsmath/amsmath.sty
Package: amsmath 2021/10/15 v2.17l AMS math features
\@mathmargin=\skip58

For additional information on amsmath, use the `?' option.
(/usr/local/texlive/2022/texmf-dist/tex/latex/amsmath/amstext.sty
Package: amstext 2021/08/26 v2.01 AMS text

(/usr/local/texlive/2022/texmf-dist/tex/latex/amsmath/amsgen.sty
File: amsgen.sty 1999/11/30 v2.0 generic functions
\@emptytoks=\toks34
\ex@=\dimen281
))
(/usr/local/texlive/2022/texmf-dist/tex/latex/amsmath/amsbsy.sty
Package: amsbsy 1999/11/29 v1.2d Bold Symbols
\pmbraise@=\dimen282
)
(/usr/local/texlive/2022/texmf-dist/tex/latex/amsmath/amsopn.sty
Package: amsopn 2021/08/26 v2.02 operator names
)
\inf@bad=\count320
LaTeX Info: Redefining \frac on input line 234.
\uproot@=\count321
\leftroot@=\count322
LaTeX Info: Redefining \overline on input line 399.
\classnum@=\count323
\DOTSCASE@=\count324
LaTeX Info: Redefining \ldots on input line 496.
LaTeX Info: Redefining \dots on input line 499.
LaTeX Info: Redefining \cdots on input line 620.
\Mathstrutbox@=\box73
\strutbox@=\box74
\big@size=\dimen283
LaTeX Font Info:    Redeclaring font encoding OML on input line 743.
LaTeX Font Info:    Redeclaring font encoding OMS on input line 744.
\macc@depth=\count325
\c@MaxMatrixCols=\count326
\dotsspace@=\muskip17
\c@parentequation=\count327
\dspbrk@lvl=\count328
\tag@help=\toks35
\row@=\count329
\column@=\count330
\maxfields@=\count331
\andhelp@=\toks36
\eqnshift@=\dimen284
\alignsep@=\dimen285
\tagshift@=\dimen286
\tagwidth@=\dimen287
\totwidth@=\dimen288
\lineht@=\dimen289
\@envbody=\toks37
\multlinegap=\skip59
\multlinetaggap=\skip60
\mathdisplay@stack=\toks38
LaTeX Info: Redefining \[ on input line 2938.
LaTeX Info: Redefining \] on input line 2939.
)
(/usr/local/texlive/2022/texmf-dist/tex/latex/amscls/amsthm.sty
Package: amsthm 2020/05/29 v2.20.6
\thm@style=\toks39
\thm@bodyfont=\toks40
\thm@headfont=\toks41
\thm@notefont=\toks42
\thm@headpunct=\toks43
\thm@preskip=\skip61
\thm@postskip=\skip62
\thm@headsep=\skip63
\dth@everypar=\toks44
)
\c@theorem=\count332
)
(/usr/local/texlive/2022/texmf-dist/tex/latex/beamer/beamerbasethemes.sty))
(/usr/local/texlive/2022/texmf-dist/tex/latex/beamer/beamerthemedefault.sty
(/usr/local/texlive/2022/texmf-dist/tex/latex/beamer/beamerfontthemedefault.sty
)
(/usr/local/texlive/2022/texmf-dist/tex/latex/beamer/beamercolorthemedefault.st
y)
(/usr/local/texlive/2022/texmf-dist/tex/latex/beamer/beamerinnerthemedefault.st
y
\beamer@dima=\dimen290
\beamer@dimb=\dimen291
)
(/usr/local/texlive/2022/texmf-dist/tex/latex/beamer/beamerouterthemedefault.st
y))) (/usr/local/texlive/2022/texmf-dist/tex/latex/comment/comment.sty
\CommentStream=\write5

Excluding comment 'comment')
(/usr/local/texlive/2022/texmf-dist/tex/latex/beamer/beamerthemeAnnArbor.sty
(/usr/local/texlive/2022/texmf-dist/tex/latex/beamer/beamerinnerthemerounded.st
y)
(/usr/local/texlive/2022/texmf-dist/tex/latex/beamer/beamerouterthemeinfolines.
sty)
(/usr/local/texlive/2022/texmf-dist/tex/latex/beamer/beamercolorthemewolverine.
sty)) (/usr/local/texlive/2022/texmf-dist/tex/latex/textpos/textpos.sty
Package: textpos 2020/09/26 v1.10

Package: textpos 2020/09/26 1.10, absolute positioning of text on the page
Package textpos Info: choosing support for LaTeX3 on input line 61.
\TP@textbox=\box75
\TPHorizModule=\dimen292
\TPVertModule=\dimen293
\TP@margin=\dimen294
\TP@absmargin=\dimen295
Grid set 16 x 16 = 22.7622pt x 17.07166pt
\TPboxrulesize=\dimen296
\TP@tbargs=\toks45
) (/usr/local/texlive/2022/texmf-dist/tex/latex/listings/listings.sty
\lst@mode=\count333
\lst@gtempboxa=\box76
\lst@token=\toks46
\lst@length=\count334
\lst@currlwidth=\dimen297
\lst@column=\count335
\lst@pos=\count336
\lst@lostspace=\dimen298
\lst@width=\dimen299
\lst@newlines=\count337
\lst@lineno=\count338
\lst@maxwidth=\dimen300

(/usr/local/texlive/2022/texmf-dist/tex/latex/listings/lstmisc.sty
File: lstmisc.sty 2020/03/24 1.8d (Carsten Heinz)
\c@lstnumber=\count339
\lst@skipnumbers=\count340
\lst@framebox=\box77
)
(/usr/local/texlive/2022/texmf-dist/tex/latex/listings/listings.cfg
File: listings.cfg 2020/03/24 1.8d listings configuration
))
Package: listings 2020/03/24 1.8d (Carsten Heinz)

(/usr/local/texlive/2022/texmf-dist/tex/latex/tcolorbox/tcolorbox.sty
Package: tcolorbox 2022/01/07 version 5.0.2 text color boxes

(/usr/local/texlive/2022/texmf-dist/tex/latex/pgf/basiclayer/pgf.sty
Package: pgf 2021/05/15 v3.1.9a (3.1.9a)

(/usr/local/texlive/2022/texmf-dist/tex/generic/pgf/modules/pgfmoduleshapes.cod
e.tex
File: pgfmoduleshapes.code.tex 2021/05/15 v3.1.9a (3.1.9a)
\pgfnodeparttextbox=\box78
)
(/usr/local/texlive/2022/texmf-dist/tex/generic/pgf/modules/pgfmoduleplot.code.
tex
File: pgfmoduleplot.code.tex 2021/05/15 v3.1.9a (3.1.9a)
)
(/usr/local/texlive/2022/texmf-dist/tex/latex/pgf/compatibility/pgfcomp-version
-0-65.sty
Package: pgfcomp-version-0-65 2021/05/15 v3.1.9a (3.1.9a)
\pgf@nodesepstart=\dimen301
\pgf@nodesepend=\dimen302
)
(/usr/local/texlive/2022/texmf-dist/tex/latex/pgf/compatibility/pgfcomp-version
-1-18.sty
Package: pgfcomp-version-1-18 2021/05/15 v3.1.9a (3.1.9a)
)) (/usr/local/texlive/2022/texmf-dist/tex/latex/tools/verbatim.sty
Package: verbatim 2020-07-07 v1.5u LaTeX2e package for verbatim enhancements
\every@verbatim=\toks47
\verbatim@line=\toks48
\verbatim@in@stream=\read3
)
(/usr/local/texlive/2022/texmf-dist/tex/latex/environ/environ.sty
Package: environ 2014/05/04 v0.3 A new way to define environments

(/usr/local/texlive/2022/texmf-dist/tex/latex/trimspaces/trimspaces.sty
Package: trimspaces 2009/09/17 v1.1 Trim spaces around a token list
))
\tcb@titlebox=\box79
\tcb@upperbox=\box80
\tcb@lowerbox=\box81
\tcb@phantombox=\box82
\c@tcbbreakpart=\count341
\c@tcblayer=\count342
\c@tcolorbox@number=\count343
\tcb@temp=\box83
\tcb@temp=\box84
\tcb@temp=\box85
\tcb@temp=\box86

(/usr/local/texlive/2022/texmf-dist/tex/latex/tcolorbox/tcbraster.code.tex
Library (tcolorbox): 'tcbraster.code.tex' version '5.0.2'
\c@tcbrastercolumn=\count344
\c@tcbrasterrow=\count345
\c@tcbrasternum=\count346
\c@tcbraster=\count347
) (/usr/local/texlive/2022/texmf-dist/tex/latex/tcolorbox/tcbskins.code.tex
Library (tcolorbox): 'tcbskins.code.tex' version '5.0.2'
(/usr/local/texlive/2022/texmf-dist/tex/latex/pgf/frontendlayer/tikz.sty
(/usr/local/texlive/2022/texmf-dist/tex/latex/pgf/utilities/pgffor.sty
(/usr/local/texlive/2022/texmf-dist/tex/generic/pgf/utilities/pgffor.code.tex
Package: pgffor 2021/05/15 v3.1.9a (3.1.9a)

(/usr/local/texlive/2022/texmf-dist/tex/generic/pgf/math/pgfmath.code.tex)
\pgffor@iter=\dimen303
\pgffor@skip=\dimen304
\pgffor@stack=\toks49
\pgffor@toks=\toks50
))
(/usr/local/texlive/2022/texmf-dist/tex/generic/pgf/frontendlayer/tikz/tikz.cod
e.tex
Package: tikz 2021/05/15 v3.1.9a (3.1.9a)

(/usr/local/texlive/2022/texmf-dist/tex/generic/pgf/libraries/pgflibraryplothan
dlers.code.tex
File: pgflibraryplothandlers.code.tex 2021/05/15 v3.1.9a (3.1.9a)
\pgf@plot@mark@count=\count348
\pgfplotmarksize=\dimen305
)
\tikz@lastx=\dimen306
\tikz@lasty=\dimen307
\tikz@lastxsaved=\dimen308
\tikz@lastysaved=\dimen309
\tikz@lastmovetox=\dimen310
\tikz@lastmovetoy=\dimen311
\tikzleveldistance=\dimen312
\tikzsiblingdistance=\dimen313
\tikz@figbox=\box87
\tikz@figbox@bg=\box88
\tikz@tempbox=\box89
\tikz@tempbox@bg=\box90
\tikztreelevel=\count349
\tikznumberofchildren=\count350
\tikznumberofcurrentchild=\count351
\tikz@fig@count=\count352

(/usr/local/texlive/2022/texmf-dist/tex/generic/pgf/modules/pgfmodulematrix.cod
e.tex
File: pgfmodulematrix.code.tex 2021/05/15 v3.1.9a (3.1.9a)
\pgfmatrixcurrentrow=\count353
\pgfmatrixcurrentcolumn=\count354
\pgf@matrix@numberofcolumns=\count355
)
\tikz@expandcount=\count356

(/usr/local/texlive/2022/texmf-dist/tex/generic/pgf/frontendlayer/tikz/librarie
s/tikzlibrarytopaths.code.tex
File: tikzlibrarytopaths.code.tex 2021/05/15 v3.1.9a (3.1.9a)
)))
\tcb@waterbox=\box91

(/usr/local/texlive/2022/texmf-dist/tex/latex/tcolorbox/tcbskinsjigsaw.code.tex
Library (tcolorbox): 'tcbskinsjigsaw.code.tex' version '5.0.2'
))
(/usr/local/texlive/2022/texmf-dist/tex/latex/tcolorbox/tcbbreakable.code.tex
Library (tcolorbox): 'tcbbreakable.code.tex' version '5.0.2'
(/usr/local/texlive/2022/texmf-dist/tex/generic/oberdiek/pdfcol.sty
Package: pdfcol 2019/12/29 v1.6 Handle new color stacks for pdfTeX (HO)
)
Package pdfcol Info: New color stack `tcb@breakable' = 1 on input line 23.
\tcb@testbox=\box92
\tcb@totalupperbox=\box93
\tcb@totallowerbox=\box94
)
(/usr/local/texlive/2022/texmf-dist/tex/latex/tcolorbox/tcbhooks.code.tex
Library (tcolorbox): 'tcbhooks.code.tex' version '5.0.2'
) (/usr/local/texlive/2022/texmf-dist/tex/latex/tcolorbox/tcbtheorems.code.tex
Library (tcolorbox): 'tcbtheorems.code.tex' version '5.0.2'
) (/usr/local/texlive/2022/texmf-dist/tex/latex/tcolorbox/tcbfitting.code.tex
Library (tcolorbox): 'tcbfitting.code.tex' version '5.0.2'
\tcbfitdim=\dimen314
\tcb@lowerfitdim=\dimen315
\tcb@upperfitdim=\dimen316
\tcb@cur@hbadness=\count357
) (/usr/local/texlive/2022/texmf-dist/tex/latex/tcolorbox/tcbxparse.code.tex
Library (tcolorbox): 'tcbxparse.code.tex' version '5.0.2'
(/usr/local/texlive/2022/texmf-dist/tex/latex/l3packages/xparse/xparse.sty
(/usr/local/texlive/2022/texmf-dist/tex/latex/l3kernel/expl3.sty
Package: expl3 2022-02-24 L3 programming layer (loader) 

(/usr/local/texlive/2022/texmf-dist/tex/latex/l3backend/l3backend-pdftex.def
File: l3backend-pdftex.def 2022-02-07 L3 backend support: PDF output (pdfTeX)
\l__color_backend_stack_int=\count358
\l__pdf_internal_box=\box95
))
Package: xparse 2022-01-12 L3 Experimental document command parser
))
(/usr/local/texlive/2022/texmf-dist/tex/latex/tcolorbox/tcblistingsutf8.code.te
x
Library (tcolorbox): 'tcblistingsutf8.code.tex' version '5.0.2'
(/usr/local/texlive/2022/texmf-dist/tex/latex/tcolorbox/tcblistings.code.tex
Library (tcolorbox): 'tcblistings.code.tex' version '5.0.2'

(/usr/local/texlive/2022/texmf-dist/tex/latex/tcolorbox/tcblistingscore.code.te
x
Library (tcolorbox): 'tcblistingscore.code.tex' version '5.0.2'
(/usr/local/texlive/2022/texmf-dist/tex/latex/tcolorbox/tcbprocessing.code.tex
Library (tcolorbox): 'tcbprocessing.code.tex' version '5.0.2'
(/usr/local/texlive/2022/texmf-dist/tex/latex/tools/shellesc.sty
Package: shellesc 2019/11/08 v1.0c unified shell escape interface for LaTeX
Package shellesc Info: Restricted shell escape enabled on input line 77.
))
\c@tcblisting=\count359
))
(/usr/local/texlive/2022/texmf-dist/tex/latex/listingsutf8/listingsutf8.sty
Package: listingsutf8 2019-12-10 v1.5 Allow UTF-8 in listings input (HO)

(/usr/local/texlive/2022/texmf-dist/tex/generic/stringenc/stringenc.sty
Package: stringenc 2019/11/29 v1.12 Convert strings between diff. encodings (HO
)
)))
(/usr/local/texlive/2022/texmf-dist/tex/latex/tcolorbox/tcbexternal.code.tex
Library (tcolorbox): 'tcbexternal.code.tex' version '5.0.2'
) (/usr/local/texlive/2022/texmf-dist/tex/latex/tcolorbox/tcbmagazine.code.tex
Library (tcolorbox): 'tcbmagazine.code.tex' version '5.0.2'
) (/usr/local/texlive/2022/texmf-dist/tex/latex/tcolorbox/tcbvignette.code.tex
Library (tcolorbox): 'tcbvignette.code.tex' version '5.0.2'

(/usr/local/texlive/2022/texmf-dist/tex/generic/pgf/frontendlayer/tikz/librarie
s/tikzlibraryfadings.code.tex
File: tikzlibraryfadings.code.tex 2021/05/15 v3.1.9a (3.1.9a)

(/usr/local/texlive/2022/texmf-dist/tex/generic/pgf/libraries/pgflibraryfadings
.code.tex
File: pgflibraryfadings.code.tex 2021/05/15 v3.1.9a (3.1.9a)
)))
(/usr/local/texlive/2022/texmf-dist/tex/latex/tcolorbox/tcbposter.code.tex
Library (tcolorbox): 'tcbposter.code.tex' version '5.0.2'
)) (/usr/local/texlive/2022/texmf-dist/tex/latex/mathtools/mathtools.sty
Package: mathtools 2022/02/07 v1.28a mathematical typesetting tools

(/usr/local/texlive/2022/texmf-dist/tex/latex/tools/calc.sty
Package: calc 2017/05/25 v4.3 Infix arithmetic (KKT,FJ)
\calc@Acount=\count360
\calc@Bcount=\count361
\calc@Adimen=\dimen317
\calc@Bdimen=\dimen318
\calc@Askip=\skip64
\calc@Bskip=\skip65
LaTeX Info: Redefining \setlength on input line 80.
LaTeX Info: Redefining \addtolength on input line 81.
\calc@Ccount=\count362
\calc@Cskip=\skip66
)
(/usr/local/texlive/2022/texmf-dist/tex/latex/mathtools/mhsetup.sty
Package: mhsetup 2021/03/18 v1.4 programming setup (MH)
)
\g_MT_multlinerow_int=\count363
\l_MT_multwidth_dim=\dimen319
\origjot=\skip67
\l_MT_shortvdotswithinadjustabove_dim=\dimen320
\l_MT_shortvdotswithinadjustbelow_dim=\dimen321
\l_MT_above_intertext_sep=\dimen322
\l_MT_below_intertext_sep=\dimen323
\l_MT_above_shortintertext_sep=\dimen324
\l_MT_below_shortintertext_sep=\dimen325
\xmathstrut@box=\box96
\xmathstrut@dim=\dimen326
)
(/usr/local/texlive/2022/texmf-dist/tex/latex/graphbox/graphbox.sty
Package: graphbox 2018/01/17 v1.1 extension for graphicx to adjust containing b
ox
\Gin@box@box=\box97
\Gin@box@width=\skip68
\Gin@box@height=\skip69
\Gin@box@raise=\skip70
\Gin@box@hspace=\skip71
\Gin@box@bwidth=\skip72
\Gin@box@bheight=\skip73
)
(/usr/local/texlive/2022/texmf-dist/tex/latex/caption/caption.sty
Package: caption 2022/03/01 v3.6b Customizing captions (AR)

(/usr/local/texlive/2022/texmf-dist/tex/latex/caption/caption3.sty
Package: caption3 2022/03/17 v2.3b caption3 kernel (AR)
\caption@tempdima=\dimen327
\captionmargin=\dimen328
\caption@leftmargin=\dimen329
\caption@rightmargin=\dimen330
\caption@width=\dimen331
\caption@indent=\dimen332
\caption@parindent=\dimen333
\caption@hangindent=\dimen334
Package caption Info: beamer document class detected.

(/usr/local/texlive/2022/texmf-dist/tex/latex/caption/caption-beamer.sto
File: caption-beamer.sto 2022/01/06 v2.0c Adaption of the caption package to th
e beamer document classes (AR)
))
\c@caption@flags=\count364
\c@continuedfloat=\count365
Package caption Info: hyperref package is loaded.
Package caption Info: Hyperref support is turned off
(caption)             because hyperref has stopped early.
Package caption Info: listings package is loaded.
)
Package caption Info: Option `declare type' requires the `newfloat' package on 
input line 17.

(/usr/local/texlive/2022/texmf-dist/tex/latex/newfloat/newfloat.sty
Package: newfloat 2019/09/02 v1.1l Defining new floating environments (AR)
)
Package newfloat Info: New float `code' with options `' on input line 17.
\c@code=\count366
\newfloat@ftype=\count367
Package newfloat Info: float type `code'=8 on input line 17.

(./quantum_math.aux)
\openout1 = `quantum_math.aux'.

LaTeX Font Info:    Checking defaults for OML/cmm/m/it on input line 83.
LaTeX Font Info:    ... okay on input line 83.
LaTeX Font Info:    Checking defaults for OMS/cmsy/m/n on input line 83.
LaTeX Font Info:    ... okay on input line 83.
LaTeX Font Info:    Checking defaults for OT1/cmr/m/n on input line 83.
LaTeX Font Info:    ... okay on input line 83.
LaTeX Font Info:    Checking defaults for T1/cmr/m/n on input line 83.
LaTeX Font Info:    ... okay on input line 83.
LaTeX Font Info:    Checking defaults for TS1/cmr/m/n on input line 83.
LaTeX Font Info:    ... okay on input line 83.
LaTeX Font Info:    Checking defaults for OMX/cmex/m/n on input line 83.
LaTeX Font Info:    ... okay on input line 83.
LaTeX Font Info:    Checking defaults for U/cmr/m/n on input line 83.
LaTeX Font Info:    ... okay on input line 83.
LaTeX Font Info:    Checking defaults for PD1/pdf/m/n on input line 83.
LaTeX Font Info:    ... okay on input line 83.
LaTeX Font Info:    Checking defaults for PU/pdf/m/n on input line 83.
LaTeX Font Info:    ... okay on input line 83.

*geometry* driver: auto-detecting
*geometry* detected driver: pdftex
*geometry* verbose mode - [ preamble ] result:
* driver: pdftex
* paper: custom
* layout: <same size as paper>
* layoutoffset:(h,v)=(0.0pt,0.0pt)
* modes: includehead includefoot 
* h-part:(L,W,R)=(10.95003pt, 342.2953pt, 10.95003pt)
* v-part:(T,H,B)=(0.0pt, 273.14662pt, 0.0pt)
* \paperwidth=364.19536pt
* \paperheight=273.14662pt
* \textwidth=342.2953pt
* \textheight=244.6939pt
* \oddsidemargin=-61.31996pt
* \evensidemargin=-61.31996pt
* \topmargin=-72.26999pt
* \headheight=14.22636pt
* \headsep=0.0pt
* \topskip=11.0pt
* \footskip=14.22636pt
* \marginparwidth=4.0pt
* \marginparsep=10.0pt
* \columnsep=10.0pt
* \skip\footins=10.0pt plus 4.0pt minus 2.0pt
* \hoffset=0.0pt
* \voffset=0.0pt
* \mag=1000
* \@twocolumnfalse
* \@twosidefalse
* \@mparswitchfalse
* \@reversemarginfalse
* (1in=72.27pt=25.4mm, 1cm=28.453pt)

(/usr/local/texlive/2022/texmf-dist/tex/context/base/mkii/supp-pdf.mkii
[Loading MPS to PDF converter (version 2006.09.02).]
\scratchcounter=\count368
\scratchdimen=\dimen335
\scratchbox=\box98
\nofMPsegments=\count369
\nofMParguments=\count370
\everyMPshowfont=\toks51
\MPscratchCnt=\count371
\MPscratchDim=\dimen336
\MPnumerator=\count372
\makeMPintoPDFobject=\count373
\everyMPtoPDFconversion=\toks52
) (/usr/local/texlive/2022/texmf-dist/tex/latex/epstopdf-pkg/epstopdf-base.sty
Package: epstopdf-base 2020-01-24 v2.11 Base part for package epstopdf
Package epstopdf-base Info: Redefining graphics rule for `.eps' on input line 4
85.

(/usr/local/texlive/2022/texmf-dist/tex/latex/latexconfig/epstopdf-sys.cfg
File: epstopdf-sys.cfg 2010/07/13 v1.3 Configuration of (r)epstopdf for TeX Liv
e
))
Package hyperref Info: Link coloring OFF on input line 83.

(/usr/local/texlive/2022/texmf-dist/tex/latex/hyperref/nameref.sty
Package: nameref 2021-04-02 v2.47 Cross-referencing by name of section

(/usr/local/texlive/2022/texmf-dist/tex/latex/refcount/refcount.sty
Package: refcount 2019/12/15 v3.6 Data extraction from label references (HO)
)
(/usr/local/texlive/2022/texmf-dist/tex/generic/gettitlestring/gettitlestring.s
ty
Package: gettitlestring 2019/12/15 v1.6 Cleanup title references (HO)
)
\c@section@level=\count374
)
LaTeX Info: Redefining \ref on input line 83.
LaTeX Info: Redefining \pageref on input line 83.
LaTeX Info: Redefining \nameref on input line 83.
 (./quantum_math.out) (./quantum_math.out)
\@outlinefile=\write6
\openout6 = `quantum_math.out'.

LaTeX Font Info:    Overwriting symbol font `operators' in version `normal'
(Font)                  OT1/cmr/m/n --> OT1/cmss/m/n on input line 83.
LaTeX Font Info:    Overwriting symbol font `operators' in version `bold'
(Font)                  OT1/cmr/bx/n --> OT1/cmss/b/n on input line 83.
\symnumbers=\mathgroup6
\sympureletters=\mathgroup7
LaTeX Font Info:    Overwriting math alphabet `\mathrm' in version `normal'
(Font)                  OT1/cmss/m/n --> OT1/cmr/m/n on input line 83.
LaTeX Font Info:    Redeclaring math alphabet \mathbf on input line 83.
LaTeX Font Info:    Overwriting math alphabet `\mathbf' in version `normal'
(Font)                  OT1/cmr/bx/n --> OT1/cmss/b/n on input line 83.
LaTeX Font Info:    Overwriting math alphabet `\mathbf' in version `bold'
(Font)                  OT1/cmr/bx/n --> OT1/cmss/b/n on input line 83.
LaTeX Font Info:    Redeclaring math alphabet \mathsf on input line 83.
LaTeX Font Info:    Overwriting math alphabet `\mathsf' in version `normal'
(Font)                  OT1/cmss/m/n --> OT1/cmss/m/n on input line 83.
LaTeX Font Info:    Overwriting math alphabet `\mathsf' in version `bold'
(Font)                  OT1/cmss/bx/n --> OT1/cmss/m/n on input line 83.
LaTeX Font Info:    Redeclaring math alphabet \mathit on input line 83.
LaTeX Font Info:    Overwriting math alphabet `\mathit' in version `normal'
(Font)                  OT1/cmr/m/it --> OT1/cmss/m/it on input line 83.
LaTeX Font Info:    Overwriting math alphabet `\mathit' in version `bold'
(Font)                  OT1/cmr/bx/it --> OT1/cmss/m/it on input line 83.
LaTeX Font Info:    Redeclaring math alphabet \mathtt on input line 83.
LaTeX Font Info:    Overwriting math alphabet `\mathtt' in version `normal'
(Font)                  OT1/cmtt/m/n --> OT1/cmtt/m/n on input line 83.
LaTeX Font Info:    Overwriting math alphabet `\mathtt' in version `bold'
(Font)                  OT1/cmtt/m/n --> OT1/cmtt/m/n on input line 83.
LaTeX Font Info:    Overwriting symbol font `numbers' in version `bold'
(Font)                  OT1/cmss/m/n --> OT1/cmss/b/n on input line 83.
LaTeX Font Info:    Overwriting symbol font `pureletters' in version `bold'
(Font)                  OT1/cmss/m/it --> OT1/cmss/b/it on input line 83.
LaTeX Font Info:    Overwriting math alphabet `\mathrm' in version `bold'
(Font)                  OT1/cmss/b/n --> OT1/cmr/b/n on input line 83.
LaTeX Font Info:    Overwriting math alphabet `\mathbf' in version `bold'
(Font)                  OT1/cmss/b/n --> OT1/cmss/b/n on input line 83.
LaTeX Font Info:    Overwriting math alphabet `\mathsf' in version `bold'
(Font)                  OT1/cmss/m/n --> OT1/cmss/b/n on input line 83.
LaTeX Font Info:    Overwriting math alphabet `\mathit' in version `bold'
(Font)                  OT1/cmss/m/it --> OT1/cmss/b/it on input line 83.
LaTeX Font Info:    Overwriting math alphabet `\mathtt' in version `bold'
(Font)                  OT1/cmtt/m/n --> OT1/cmtt/b/n on input line 83.
LaTeX Font Info:    Redeclaring symbol font `pureletters' on input line 83.
LaTeX Font Info:    Overwriting symbol font `pureletters' in version `normal'
(Font)                  OT1/cmss/m/it --> OT1/mathkerncmss/m/sl on input line 8
3.
LaTeX Font Info:    Overwriting symbol font `pureletters' in version `bold'
(Font)                  OT1/cmss/b/it --> OT1/mathkerncmss/m/sl on input line 8
3.
LaTeX Font Info:    Overwriting symbol font `pureletters' in version `bold'
(Font)                  OT1/mathkerncmss/m/sl --> OT1/mathkerncmss/bx/sl on inp
ut line 83.

(/usr/local/texlive/2022/texmf-dist/tex/latex/translator/translator-basic-dicti
onary-English.dict
Dictionary: translator-basic-dictionary, Language: English 
)
(/usr/local/texlive/2022/texmf-dist/tex/latex/translator/translator-bibliograph
y-dictionary-English.dict
Dictionary: translator-bibliography-dictionary, Language: English 
)
(/usr/local/texlive/2022/texmf-dist/tex/latex/translator/translator-environment
-dictionary-English.dict
Dictionary: translator-environment-dictionary, Language: English 
)
(/usr/local/texlive/2022/texmf-dist/tex/latex/translator/translator-months-dict
ionary-English.dict
Dictionary: translator-months-dictionary, Language: English 
)
(/usr/local/texlive/2022/texmf-dist/tex/latex/translator/translator-numbers-dic
tionary-English.dict
Dictionary: translator-numbers-dictionary, Language: English 
)
(/usr/local/texlive/2022/texmf-dist/tex/latex/translator/translator-theorem-dic
tionary-English.dict
Dictionary: translator-theorem-dictionary, Language: English 
)
\c@lstlisting=\count375

(/usr/local/texlive/2022/texmf-dist/tex/latex/base/inputenc.sty
Package: inputenc 2021/02/14 v1.3d Input encoding file
\inpenc@prehook=\toks53
\inpenc@posthook=\toks54
)
Package caption Info: Begin \AtBeginDocument code.
Package caption Info: End \AtBeginDocument code.

(./quantum_math.nav)

Package hyperref Warning: Option `pdfauthor' has already been used,
(hyperref)                setting the option has no effect on input line 85.

[1

{/usr/local/texlive/2022/texmf-var/fonts/map/pdftex/updmap/pdftex.map}]
[2

]
LaTeX Font Info:    Trying to load font information for TS1+cmss on input line 
103.
 (/usr/local/texlive/2022/texmf-dist/tex/latex/base/ts1cmss.fd
File: ts1cmss.fd 2019/12/16 v2.5j Standard LaTeX font definitions
)
<fig/ddclogotransparent.png, id=115, 225.84375pt x 225.84375pt>
File: fig/ddclogotransparent.png Graphic file (type png)
<use fig/ddclogotransparent.png>
Package pdftex.def Info: fig/ddclogotransparent.png  used on input line 103.
(pdftex.def)             Requested size: 28.45094pt x 28.45094pt.
 [3

 <./fig/ddclogotransparent.png>]
LaTeX Font Info:    Trying to load font information for U+msa on input line 116
.

(/usr/local/texlive/2022/texmf-dist/tex/latex/amsfonts/umsa.fd
File: umsa.fd 2013/01/14 v3.01 AMS symbols A
)
LaTeX Font Info:    Trying to load font information for U+msb on input line 116
.

(/usr/local/texlive/2022/texmf-dist/tex/latex/amsfonts/umsb.fd
File: umsb.fd 2013/01/14 v3.01 AMS symbols B
)
LaTeX Font Info:    Trying to load font information for OT1+mathkerncmss on inp
ut line 116.

(/usr/local/texlive/2022/texmf-dist/tex/latex/sansmathaccent/ot1mathkerncmss.fd
File: ot1mathkerncmss.fd 2020/01/31 Fontinst v1.933 font definitions for OT1/ma
thkerncmss.
)
<fig/plotting.jpg, id=125, 453.19313pt x 594.72188pt>
File: fig/plotting.jpg Graphic file (type jpg)
<use fig/plotting.jpg>
Package pdftex.def Info: fig/plotting.jpg  used on input line 116.
(pdftex.def)             Requested size: 162.61002pt x 213.39566pt.
File: fig/ddclogotransparent.png Graphic file (type png)
<use fig/ddclogotransparent.png>
Package pdftex.def Info: fig/ddclogotransparent.png  used on input line 116.
(pdftex.def)             Requested size: 28.45094pt x 28.45094pt.

Overfull \vbox (5.39168pt too high) detected at line 116
 []

[4

 <./fig/plotting.jpg>]
<fig/pythag.png, id=133, 626.34pt x 619.31375pt>
File: fig/pythag.png Graphic file (type png)
<use fig/pythag.png>
Package pdftex.def Info: fig/pythag.png  used on input line 148.
(pdftex.def)             Requested size: 113.81102pt x 112.53006pt.
<fig/pythag2.png, id=135, 654.445pt x 622.325pt>
File: fig/pythag2.png Graphic file (type png)
<use fig/pythag2.png>
Package pdftex.def Info: fig/pythag2.png  used on input line 148.
(pdftex.def)             Requested size: 113.81102pt x 108.2248pt.
File: fig/ddclogotransparent.png Graphic file (type png)
<use fig/ddclogotransparent.png>
Package pdftex.def Info: fig/ddclogotransparent.png  used on input line 148.
(pdftex.def)             Requested size: 28.45094pt x 28.45094pt.

Overfull \vbox (13.75087pt too high) detected at line 148
 []

[5

 <./fig/pythag.png> <./fig/pythag2.png>]
<fig/midpoint.png, id=149, 537.00626pt x 520.94624pt>
File: fig/midpoint.png Graphic file (type png)
<use fig/midpoint.png>
Package pdftex.def Info: fig/midpoint.png  used on input line 172.
(pdftex.def)             Requested size: 113.81102pt x 110.4035pt.
<fig/intercept.png, id=150, 461.725pt x 407.5225pt>
File: fig/intercept.png Graphic file (type png)
<use fig/intercept.png>
Package pdftex.def Info: fig/intercept.png  used on input line 172.
(pdftex.def)             Requested size: 113.81102pt x 100.45016pt.
File: fig/ddclogotransparent.png Graphic file (type png)
<use fig/ddclogotransparent.png>
Package pdftex.def Info: fig/ddclogotransparent.png  used on input line 172.
(pdftex.def)             Requested size: 28.45094pt x 28.45094pt.

Overfull \vbox (3.84969pt too high) detected at line 172
 []

[6

 <./fig/midpoint.png> <./fig/intercept.png>]
<fig/circle.png, id=161, 449.68pt x 424.58624pt>
File: fig/circle.png Graphic file (type png)
<use fig/circle.png>
Package pdftex.def Info: fig/circle.png  used on input line 201.
(pdftex.def)             Requested size: 85.35826pt x 80.59447pt.
File: fig/ddclogotransparent.png Graphic file (type png)
<use fig/ddclogotransparent.png>
Package pdftex.def Info: fig/ddclogotransparent.png  used on input line 201.
(pdftex.def)             Requested size: 28.45094pt x 28.45094pt.

Overfull \vbox (1.72528pt too high) detected at line 201
 []

[7

 <./fig/circle.png>]
<fig/domain-range.png, id=171, 423.83344pt x 311.66437pt>
File: fig/domain-range.png Graphic file (type png)
<use fig/domain-range.png>
Package pdftex.def Info: fig/domain-range.png  used on input line 221.
(pdftex.def)             Requested size: 170.71652pt x 125.53381pt.
File: fig/ddclogotransparent.png Graphic file (type png)
<use fig/ddclogotransparent.png>
Package pdftex.def Info: fig/ddclogotransparent.png  used on input line 221.
(pdftex.def)             Requested size: 28.45094pt x 28.45094pt.
 [8

 <./fig/domain-range.png>]
File: fig/ddclogotransparent.png Graphic file (type png)
<use fig/ddclogotransparent.png>
Package pdftex.def Info: fig/ddclogotransparent.png  used on input line 235.
(pdftex.def)             Requested size: 28.45094pt x 28.45094pt.
 [9

]
<fig/slope.jpg, id=186, 854.19125pt x 510.90875pt>
File: fig/slope.jpg Graphic file (type jpg)
<use fig/slope.jpg>
Package pdftex.def Info: fig/slope.jpg  used on input line 271.
(pdftex.def)             Requested size: 142.26378pt x 85.08368pt.
File: fig/ddclogotransparent.png Graphic file (type png)
<use fig/ddclogotransparent.png>
Package pdftex.def Info: fig/ddclogotransparent.png  used on input line 271.
(pdftex.def)             Requested size: 28.45094pt x 28.45094pt.
 [10

 <./fig/slope.jpg>]
<fig/parperp.jpg, id=195, 316.18124pt x 417.56pt>
File: fig/parperp.jpg Graphic file (type jpg)
<use fig/parperp.jpg>
Package pdftex.def Info: fig/parperp.jpg  used on input line 277.
(pdftex.def)             Requested size: 156.49014pt x 206.67052pt.
File: fig/ddclogotransparent.png Graphic file (type png)
<use fig/ddclogotransparent.png>
Package pdftex.def Info: fig/ddclogotransparent.png  used on input line 277.
(pdftex.def)             Requested size: 28.45094pt x 28.45094pt.

[11

 <./fig/parperp.jpg>]
<fig/lsqr.png, id=204, 614.295pt x 599.23875pt>
File: fig/lsqr.png Graphic file (type png)
<use fig/lsqr.png>
Package pdftex.def Info: fig/lsqr.png  used on input line 300.
(pdftex.def)             Requested size: 142.26378pt x 138.77295pt.

Overfull \hbox (18.79941pt too wide) in paragraph at lines 300--300
\OT1/cmss/m/n/10.95 (\OT1/mathkerncmss/m/sl/10.95 x[]\OML/cmm/m/it/10.95 ; \OT1
/mathkerncmss/m/sl/10.95 y[]\OT1/cmss/m/n/10.95 )\OML/cmm/m/it/10.95 ; \OT1/cms
s/m/n/10.95 (\OT1/mathkerncmss/m/sl/10.95 x[]\OML/cmm/m/it/10.95 ; \OT1/mathker
ncmss/m/sl/10.95 y[]\OT1/cmss/m/n/10.95 )\OML/cmm/m/it/10.95 ; \OT1/cmss/m/n/10
.95 (\OT1/mathkerncmss/m/sl/10.95 x[]\OML/cmm/m/it/10.95 ; \OT1/mathkerncmss/m/
sl/10.95 y[]\OT1/cmss/m/n/10.95 )\OML/cmm/m/it/10.95 ; :::; \OT1/cmss/m/n/10.95
 (\OT1/mathkerncmss/m/sl/10.95 x[]\OML/cmm/m/it/10.95 ; \OT1/mathkerncmss/m/sl/
10.95 y[]\OT1/cmss/m/n/10.95 )$ 
 []

File: fig/ddclogotransparent.png Graphic file (type png)
<use fig/ddclogotransparent.png>
Package pdftex.def Info: fig/ddclogotransparent.png  used on input line 300.
(pdftex.def)             Requested size: 28.45094pt x 28.45094pt.
[12

 <./fig/lsqr.png>]
<fig/basicfun.jpg, id=213, 147.4308pt x 132.0132pt>
File: fig/basicfun.jpg Graphic file (type jpg)
<use fig/basicfun.jpg>
Package pdftex.def Info: fig/basicfun.jpg  used on input line 319.
(pdftex.def)             Requested size: 199.16928pt x 178.3511pt.
File: fig/ddclogotransparent.png Graphic file (type png)
<use fig/ddclogotransparent.png>
Package pdftex.def Info: fig/ddclogotransparent.png  used on input line 319.
(pdftex.def)             Requested size: 28.45094pt x 28.45094pt.
 [13

 <./fig/basicfun.jpg>]
<fig/shiftV.png, id=222, 566.115pt x 528.97626pt>
File: fig/shiftV.png Graphic file (type png)
<use fig/shiftV.png>
Package pdftex.def Info: fig/shiftV.png  used on input line 335.
(pdftex.def)             Requested size: 137.0279pt x 128.0374pt.
<fig/shiftH.png, id=223, 709.65125pt x 520.94624pt>
File: fig/shiftH.png Graphic file (type png)
<use fig/shiftH.png>
Package pdftex.def Info: fig/shiftH.png  used on input line 335.
(pdftex.def)             Requested size: 174.4129pt x 128.0374pt.

Overfull \hbox (3.69638pt too wide) in paragraph at lines 335--335
 [] 
 []

File: fig/ddclogotransparent.png Graphic file (type png)
<use fig/ddclogotransparent.png>
Package pdftex.def Info: fig/ddclogotransparent.png  used on input line 335.
(pdftex.def)             Requested size: 28.45094pt x 28.45094pt.
[14

 <./fig/shiftV.png> <./fig/shiftH.png>]
<fig/stretchV.png, id=233, 582.175pt x 520.94624pt>
File: fig/stretchV.png Graphic file (type png)
<use fig/stretchV.png>
Package pdftex.def Info: fig/stretchV.png  used on input line 343.
(pdftex.def)             Requested size: 190.77696pt x 170.71652pt.
File: fig/ddclogotransparent.png Graphic file (type png)
<use fig/ddclogotransparent.png>
Package pdftex.def Info: fig/ddclogotransparent.png  used on input line 343.
(pdftex.def)             Requested size: 28.45094pt x 28.45094pt.
 [15

 <./fig/stretchV.png>]
<fig/reflectX.png, id=242, 528.97626pt x 520.94624pt>
File: fig/reflectX.png Graphic file (type png)
<use fig/reflectX.png>
Package pdftex.def Info: fig/reflectX.png  used on input line 359.
(pdftex.def)             Requested size: 130.00792pt x 128.0374pt.
<fig/reflectY.png, id=243, 628.3475pt x 520.94624pt>
File: fig/reflectY.png Graphic file (type png)
<use fig/reflectY.png>
Package pdftex.def Info: fig/reflectY.png  used on input line 359.
(pdftex.def)             Requested size: 154.43066pt x 128.0374pt.
File: fig/ddclogotransparent.png Graphic file (type png)
<use fig/ddclogotransparent.png>
Package pdftex.def Info: fig/ddclogotransparent.png  used on input line 359.
(pdftex.def)             Requested size: 28.45094pt x 28.45094pt.
 [16

 <./fig/reflectX.png> <./fig/reflectY.png>]
<fig/transform.jpg, id=253, 817.0525pt x 556.0775pt>
File: fig/transform.jpg Graphic file (type jpg)
<use fig/transform.jpg>
Package pdftex.def Info: fig/transform.jpg  used on input line 365.
(pdftex.def)             Requested size: 284.52756pt x 193.64577pt.
File: fig/ddclogotransparent.png Graphic file (type png)
<use fig/ddclogotransparent.png>
Package pdftex.def Info: fig/ddclogotransparent.png  used on input line 365.
(pdftex.def)             Requested size: 28.45094pt x 28.45094pt.
 [17

 <./fig/transform.jpg>]
<fig/pwfunct1.png, id=261, 835.12pt x 506.89375pt>
File: fig/pwfunct1.png Graphic file (type png)
<use fig/pwfunct1.png>
Package pdftex.def Info: fig/pwfunct1.png  used on input line 381.
(pdftex.def)             Requested size: 170.71652pt x 103.61998pt.
<fig/pwfunct2.jpg, id=262, 431.6125pt x 113.42375pt>
File: fig/pwfunct2.jpg Graphic file (type jpg)
<use fig/pwfunct2.jpg>
Package pdftex.def Info: fig/pwfunct2.jpg  used on input line 381.
(pdftex.def)             Requested size: 170.71652pt x 44.86159pt.

Overfull \hbox (28.45274pt too wide) in paragraph at lines 381--381
 [] 
 []

File: fig/ddclogotransparent.png Graphic file (type png)
<use fig/ddclogotransparent.png>
Package pdftex.def Info: fig/ddclogotransparent.png  used on input line 381.
(pdftex.def)             Requested size: 28.45094pt x 28.45094pt.
[18

 <./fig/pwfunct1.png> <./fig/pwfunct2.jpg>]
<fig/roc.png, id=271, 668.4975pt x 465.74pt>
File: fig/roc.png Graphic file (type png)
<use fig/roc.png>
Package pdftex.def Info: fig/roc.png  used on input line 389.
(pdftex.def)             Requested size: 170.71652pt x 118.93623pt.
File: fig/ddclogotransparent.png Graphic file (type png)
<use fig/ddclogotransparent.png>
Package pdftex.def Info: fig/ddclogotransparent.png  used on input line 389.
(pdftex.def)             Requested size: 28.45094pt x 28.45094pt.
 [19

 <./fig/roc.png>]
<fig/roc2.png, id=282, 768.8725pt x 462.72874pt>
File: fig/roc2.png Graphic file (type png)
<use fig/roc2.png>
Package pdftex.def Info: fig/roc2.png  used on input line 404.
(pdftex.def)             Requested size: 142.26378pt x 85.6176pt.
File: fig/ddclogotransparent.png Graphic file (type png)
<use fig/ddclogotransparent.png>
Package pdftex.def Info: fig/ddclogotransparent.png  used on input line 404.
(pdftex.def)             Requested size: 28.45094pt x 28.45094pt.
 [20

 <./fig/roc2.png>]
<fig/idc.jpg, id=293, 644.4075pt x 464.73625pt>
File: fig/idc.jpg Graphic file (type jpg)
<use fig/idc.jpg>
Package pdftex.def Info: fig/idc.jpg  used on input line 410.
(pdftex.def)             Requested size: 315.61494pt x 227.62204pt.
File: fig/ddclogotransparent.png Graphic file (type png)
<use fig/ddclogotransparent.png>
Package pdftex.def Info: fig/ddclogotransparent.png  used on input line 410.
(pdftex.def)             Requested size: 28.45094pt x 28.45094pt.

Overfull \vbox (17.61806pt too high) detected at line 410
 []

[21

 <./fig/idc.jpg>]
<fig/minmax.png, id=301, 1288.815pt x 571.13374pt>
File: fig/minmax.png Graphic file (type png)
<use fig/minmax.png>
Package pdftex.def Info: fig/minmax.png  used on input line 421.
(pdftex.def)             Requested size: 227.62204pt x 100.86494pt.
File: fig/ddclogotransparent.png Graphic file (type png)
<use fig/ddclogotransparent.png>
Package pdftex.def Info: fig/ddclogotransparent.png  used on input line 421.
(pdftex.def)             Requested size: 28.45094pt x 28.45094pt.
 [22

 <./fig/minmax.png>]
File: fig/ddclogotransparent.png Graphic file (type png)
<use fig/ddclogotransparent.png>
Package pdftex.def Info: fig/ddclogotransparent.png  used on input line 426.
(pdftex.def)             Requested size: 28.45094pt x 28.45094pt.
 [23

]
<fig/basketball.png, id=317, 680.5425pt x 435.6275pt>
File: fig/basketball.png Graphic file (type png)
<use fig/basketball.png>
Package pdftex.def Info: fig/basketball.png  used on input line 439.
(pdftex.def)             Requested size: 227.62204pt x 145.70512pt.
File: fig/ddclogotransparent.png Graphic file (type png)
<use fig/ddclogotransparent.png>
Package pdftex.def Info: fig/ddclogotransparent.png  used on input line 439.
(pdftex.def)             Requested size: 28.45094pt x 28.45094pt.
 [24

 <./fig/basketball.png>]
<fig/quadup.png, id=327, 525.965pt x 469.755pt>
File: fig/quadup.png Graphic file (type png)
<use fig/quadup.png>
Package pdftex.def Info: fig/quadup.png  used on input line 466.
(pdftex.def)             Requested size: 95.56847pt x 85.35826pt.
<fig/quaddown.png, id=328, 593.21625pt x 469.755pt>
File: fig/quaddown.png Graphic file (type png)
<use fig/quaddown.png>
Package pdftex.def Info: fig/quaddown.png  used on input line 466.
(pdftex.def)             Requested size: 107.7881pt x 85.35826pt.

Overfull \hbox (8.20346pt too wide) in paragraph at lines 466--466
 [][] 
 []

File: fig/ddclogotransparent.png Graphic file (type png)
<use fig/ddclogotransparent.png>
Package pdftex.def Info: fig/ddclogotransparent.png  used on input line 466.
(pdftex.def)             Requested size: 28.45094pt x 28.45094pt.
[25

 <./fig/quadup.png> <./fig/quaddown.png>]
<fig/poly1.jpg, id=340, 698.61pt x 305.14pt>
File: fig/poly1.jpg Graphic file (type jpg)
<use fig/poly1.jpg>
Package pdftex.def Info: fig/poly1.jpg  used on input line 475.
(pdftex.def)             Requested size: 284.52756pt x 124.27477pt.
File: fig/ddclogotransparent.png Graphic file (type png)
<use fig/ddclogotransparent.png>
Package pdftex.def Info: fig/ddclogotransparent.png  used on input line 475.
(pdftex.def)             Requested size: 28.45094pt x 28.45094pt.
 [26

 <./fig/poly1.jpg>]
<fig/polyeven.png, id=349, 534.99875pt x 599.23875pt>
File: fig/polyeven.png Graphic file (type png)
<use fig/polyeven.png>
Package pdftex.def Info: fig/polyeven.png  used on input line 500.
(pdftex.def)             Requested size: 142.26378pt x 159.34613pt.
<fig/polyodd.png, id=350, 548.0475pt x 581.17125pt>
File: fig/polyodd.png Graphic file (type png)
<use fig/polyodd.png>
Package pdftex.def Info: fig/polyodd.png  used on input line 500.
(pdftex.def)             Requested size: 142.26378pt x 150.86153pt.
File: fig/ddclogotransparent.png Graphic file (type png)
<use fig/ddclogotransparent.png>
Package pdftex.def Info: fig/ddclogotransparent.png  used on input line 500.
(pdftex.def)             Requested size: 28.45094pt x 28.45094pt.
 [27

 <./fig/polyeven.png> <./fig/polyodd.png>]
<fig/poly2.jpg, id=362, 698.61pt x 405.515pt>
File: fig/poly2.jpg Graphic file (type jpg)
<use fig/poly2.jpg>
Package pdftex.def Info: fig/poly2.jpg  used on input line 508.
(pdftex.def)             Requested size: 284.52756pt x 165.15462pt.
File: fig/ddclogotransparent.png Graphic file (type png)
<use fig/ddclogotransparent.png>
Package pdftex.def Info: fig/ddclogotransparent.png  used on input line 508.
(pdftex.def)             Requested size: 28.45094pt x 28.45094pt.
 [28

 <./fig/poly2.jpg>]
File: fig/ddclogotransparent.png Graphic file (type png)
<use fig/ddclogotransparent.png>
Package pdftex.def Info: fig/ddclogotransparent.png  used on input line 516.
(pdftex.def)             Requested size: 28.45094pt x 28.45094pt.
 [29

]
<fig/ratfun1.jpg, id=379, 698.61pt x 465.74pt>
File: fig/ratfun1.jpg Graphic file (type jpg)
<use fig/ratfun1.jpg>
Package pdftex.def Info: fig/ratfun1.jpg  used on input line 524.
(pdftex.def)             Requested size: 284.52756pt x 189.68254pt.
File: fig/ddclogotransparent.png Graphic file (type png)
<use fig/ddclogotransparent.png>
Package pdftex.def Info: fig/ddclogotransparent.png  used on input line 524.
(pdftex.def)             Requested size: 28.45094pt x 28.45094pt.
 [30

 <./fig/ratfun1.jpg>]
<fig/exp_growth.jpg, id=388, 834.11626pt x 338.26375pt>
File: fig/exp_growth.jpg Graphic file (type jpg)
<use fig/exp_growth.jpg>
Package pdftex.def Info: fig/exp_growth.jpg  used on input line 538.
(pdftex.def)             Requested size: 341.43306pt x 138.46191pt.
File: fig/ddclogotransparent.png Graphic file (type png)
<use fig/ddclogotransparent.png>
Package pdftex.def Info: fig/ddclogotransparent.png  used on input line 538.
(pdftex.def)             Requested size: 28.45094pt x 28.45094pt.
 [31

 <./fig/exp_growth.jpg>]
<fig/40fold.jpg, id=398, 662.475pt x 371.3875pt>
File: fig/40fold.jpg Graphic file (type jpg)
<use fig/40fold.jpg>
Package pdftex.def Info: fig/40fold.jpg  used on input line 545.
(pdftex.def)             Requested size: 341.43306pt x 191.40553pt.
File: fig/ddclogotransparent.png Graphic file (type png)
<use fig/ddclogotransparent.png>
Package pdftex.def Info: fig/ddclogotransparent.png  used on input line 545.
(pdftex.def)             Requested size: 28.45094pt x 28.45094pt.
 [32

 <./fig/40fold.jpg>]
<fig/exp2g.jpg, id=407, 363.3575pt x 372.39125pt>
File: fig/exp2g.jpg Graphic file (type jpg)
<use fig/exp2g.jpg>
Package pdftex.def Info: fig/exp2g.jpg  used on input line 569.
(pdftex.def)             Requested size: 113.81102pt x 116.63904pt.
<fig/exp2t.jpg, id=408, 839.135pt x 103.38625pt>
File: fig/exp2t.jpg Graphic file (type jpg)
<use fig/exp2t.jpg>
Package pdftex.def Info: fig/exp2t.jpg  used on input line 569.
(pdftex.def)             Requested size: 341.43306pt x 42.0668pt.
File: fig/ddclogotransparent.png Graphic file (type png)
<use fig/ddclogotransparent.png>
Package pdftex.def Info: fig/ddclogotransparent.png  used on input line 569.
(pdftex.def)             Requested size: 28.45094pt x 28.45094pt.
 [33

 <./fig/exp2g.jpg> <./fig/exp2t.jpg>]
<fig/si_prefixes.jpg, id=417, 1130.2225pt x 653.44125pt>
File: fig/si_prefixes.jpg Graphic file (type jpg)
<use fig/si_prefixes.jpg>
Package pdftex.def Info: fig/si_prefixes.jpg  used on input line 575.
(pdftex.def)             Requested size: 341.43306pt x 197.39987pt.
File: fig/ddclogotransparent.png Graphic file (type png)
<use fig/ddclogotransparent.png>
Package pdftex.def Info: fig/ddclogotransparent.png  used on input line 575.
(pdftex.def)             Requested size: 28.45094pt x 28.45094pt.
 [34

 <./fig/si_prefixes.jpg>]
File: fig/ddclogotransparent.png Graphic file (type png)
<use fig/ddclogotransparent.png>
Package pdftex.def Info: fig/ddclogotransparent.png  used on input line 587.
(pdftex.def)             Requested size: 28.45094pt x 28.45094pt.
 [35

]
<fig/exp2vert.jpg, id=435, 609.27625pt x 312.16624pt>
File: fig/exp2vert.jpg Graphic file (type jpg)
<use fig/exp2vert.jpg>
Package pdftex.def Info: fig/exp2vert.jpg  used on input line 618.
(pdftex.def)             Requested size: 184.9429pt x 94.75566pt.
<fig/exp2hor.jpg, id=436, 609.27625pt x 284.06125pt>
File: fig/exp2hor.jpg Graphic file (type jpg)
<use fig/exp2hor.jpg>
Package pdftex.def Info: fig/exp2hor.jpg  used on input line 618.
(pdftex.def)             Requested size: 184.9429pt x 86.22461pt.
<fig/exp2v.jpg, id=437, 308.15125pt x 325.215pt>
File: fig/exp2v.jpg Graphic file (type jpg)
<use fig/exp2v.jpg>
Package pdftex.def Info: fig/exp2v.jpg  used on input line 618.
(pdftex.def)             Requested size: 79.6678pt x 84.07751pt.
<fig/exp2f.jpg, id=438, 377.41pt x 362.35374pt>
File: fig/exp2f.jpg Graphic file (type jpg)
<use fig/exp2f.jpg>
Package pdftex.def Info: fig/exp2f.jpg  used on input line 618.
(pdftex.def)             Requested size: 79.6678pt x 76.48909pt.
File: fig/ddclogotransparent.png Graphic file (type png)
<use fig/ddclogotransparent.png>
Package pdftex.def Info: fig/ddclogotransparent.png  used on input line 618.
(pdftex.def)             Requested size: 28.45094pt x 28.45094pt.
 [36

 <./fig/exp2vert.jpg> <./fig/exp2hor.jpg> <./fig/exp2v.jpg> <./fig/exp2f.jpg>]
<fig/log1.jpg, id=447, 698.61pt x 462.72874pt>
File: fig/log1.jpg Graphic file (type jpg)
<use fig/log1.jpg>
Package pdftex.def Info: fig/log1.jpg  used on input line 626.
(pdftex.def)             Requested size: 284.52756pt x 188.45615pt.
File: fig/ddclogotransparent.png Graphic file (type png)
<use fig/ddclogotransparent.png>
Package pdftex.def Info: fig/ddclogotransparent.png  used on input line 626.
(pdftex.def)             Requested size: 28.45094pt x 28.45094pt.
 [37

 <./fig/log1.jpg>]
<fig/logln.jpg, id=457, 698.61pt x 292.09125pt>
File: fig/logln.jpg Graphic file (type jpg)
<use fig/logln.jpg>
Package pdftex.def Info: fig/logln.jpg  used on input line 634.
(pdftex.def)             Requested size: 284.52756pt x 118.96037pt.
File: fig/ddclogotransparent.png Graphic file (type png)
<use fig/ddclogotransparent.png>
Package pdftex.def Info: fig/ddclogotransparent.png  used on input line 634.
(pdftex.def)             Requested size: 28.45094pt x 28.45094pt.
 [38

 <./fig/logln.jpg>]
File: fig/ddclogotransparent.png Graphic file (type png)
<use fig/ddclogotransparent.png>
Package pdftex.def Info: fig/ddclogotransparent.png  used on input line 651.
(pdftex.def)             Requested size: 28.45094pt x 28.45094pt.
 [39

]
<fig/loggraph.jpg, id=474, 698.61pt x 524.96124pt>
File: fig/loggraph.jpg Graphic file (type jpg)
<use fig/loggraph.jpg>
Package pdftex.def Info: fig/loggraph.jpg  used on input line 659.
(pdftex.def)             Requested size: 284.52756pt x 213.80167pt.
File: fig/ddclogotransparent.png Graphic file (type png)
<use fig/ddclogotransparent.png>
Package pdftex.def Info: fig/ddclogotransparent.png  used on input line 659.
(pdftex.def)             Requested size: 28.45094pt x 28.45094pt.

Overfull \vbox (3.79768pt too high) detected at line 659
 []

[40

 <./fig/loggraph.jpg>]
<fig/logtran1.png, id=483, 529.98pt x 517.935pt>
File: fig/logtran1.png Graphic file (type png)
<use fig/logtran1.png>
Package pdftex.def Info: fig/logtran1.png  used on input line 683.
(pdftex.def)             Requested size: 142.26378pt x 139.03029pt.
<fig/logtran2.png, id=484, 549.05125pt x 520.94624pt>
File: fig/logtran2.png Graphic file (type png)
<use fig/logtran2.png>
Package pdftex.def Info: fig/logtran2.png  used on input line 683.
(pdftex.def)             Requested size: 142.26378pt x 134.98178pt.
File: fig/ddclogotransparent.png Graphic file (type png)
<use fig/ddclogotransparent.png>
Package pdftex.def Info: fig/ddclogotransparent.png  used on input line 683.
(pdftex.def)             Requested size: 28.45094pt x 28.45094pt.
 [41

 <./fig/logtran1.png> <./fig/logtran2.png>]
File: fig/ddclogotransparent.png Graphic file (type png)
<use fig/ddclogotransparent.png>
Package pdftex.def Info: fig/ddclogotransparent.png  used on input line 706.
(pdftex.def)             Requested size: 28.45094pt x 28.45094pt.

[42

]
<fig/logprop.jpg, id=504, 698.61pt x 423.5825pt>
File: fig/logprop.jpg Graphic file (type jpg)
<use fig/logprop.jpg>
Package pdftex.def Info: fig/logprop.jpg  used on input line 713.
(pdftex.def)             Requested size: 284.52756pt x 172.513pt.
File: fig/ddclogotransparent.png Graphic file (type png)
<use fig/ddclogotransparent.png>
Package pdftex.def Info: fig/ddclogotransparent.png  used on input line 713.
(pdftex.def)             Requested size: 28.45094pt x 28.45094pt.
 [43

 <./fig/logprop.jpg>] [44

]
File: fig/basicfun.jpg Graphic file (type jpg)
<use fig/basicfun.jpg>
Package pdftex.def Info: fig/basicfun.jpg  used on input line 735.
(pdftex.def)             Requested size: 199.16928pt x 178.3511pt.
File: fig/ddclogotransparent.png Graphic file (type png)
<use fig/ddclogotransparent.png>
Package pdftex.def Info: fig/ddclogotransparent.png  used on input line 735.
(pdftex.def)             Requested size: 28.45094pt x 28.45094pt.
 [45

]
<fig/desmosfun.jpg, id=538, 1170.3725pt x 763.85374pt>
File: fig/desmosfun.jpg Graphic file (type jpg)
<use fig/desmosfun.jpg>
Package pdftex.def Info: fig/desmosfun.jpg  used on input line 742.
(pdftex.def)             Requested size: 341.43306pt x 222.84062pt.
File: fig/ddclogotransparent.png Graphic file (type png)
<use fig/ddclogotransparent.png>
Package pdftex.def Info: fig/ddclogotransparent.png  used on input line 742.
(pdftex.def)             Requested size: 28.45094pt x 28.45094pt.

Overfull \vbox (12.83664pt too high) detected at line 742
 []

[46

 <./fig/desmosfun.jpg>]
<fig/pi.png, id=546, 259.7203pt x 200.24812pt>
File: fig/pi.png Graphic file (type png)
<use fig/pi.png>
Package pdftex.def Info: fig/pi.png  used on input line 751.
(pdftex.def)             Requested size: 227.62204pt x 175.49779pt.
File: fig/ddclogotransparent.png Graphic file (type png)
<use fig/ddclogotransparent.png>
Package pdftex.def Info: fig/ddclogotransparent.png  used on input line 751.
(pdftex.def)             Requested size: 28.45094pt x 28.45094pt.
 [47

 <./fig/pi.png>]
<fig/unitcircle.png, id=556, 185.19188pt x 184.43906pt>
File: fig/unitcircle.png Graphic file (type png)
<use fig/unitcircle.png>
Package pdftex.def Info: fig/unitcircle.png  used on input line 769.
(pdftex.def)             Requested size: 138.89355pt x 138.32895pt.
<fig/unitcircle_cst.png, id=557, 216.81pt x 172.39406pt>
File: fig/unitcircle_cst.png Graphic file (type png)
<use fig/unitcircle_cst.png>
Package pdftex.def Info: fig/unitcircle_cst.png  used on input line 769.
(pdftex.def)             Requested size: 162.60709pt x 129.29521pt.
File: fig/ddclogotransparent.png Graphic file (type png)
<use fig/ddclogotransparent.png>
Package pdftex.def Info: fig/ddclogotransparent.png  used on input line 769.
(pdftex.def)             Requested size: 28.45094pt x 28.45094pt.
 [48

 <./fig/unitcircle.png> <./fig/unitcircle_cst.png>]
<fig/unitcircle_sin.png, id=567, 518.93875pt x 595.22375pt>
File: fig/unitcircle_sin.png Graphic file (type png)
<use fig/unitcircle_sin.png>
Package pdftex.def Info: fig/unitcircle_sin.png  used on input line 793.
(pdftex.def)             Requested size: 129.73436pt x 148.80557pt.
<fig/unitcircle_rad.png, id=568, 185.19188pt x 150.5625pt>
File: fig/unitcircle_rad.png Graphic file (type png)
<use fig/unitcircle_rad.png>
Package pdftex.def Info: fig/unitcircle_rad.png  used on input line 793.
(pdftex.def)             Requested size: 138.89355pt x 112.92159pt.
File: fig/ddclogotransparent.png Graphic file (type png)
<use fig/ddclogotransparent.png>
Package pdftex.def Info: fig/ddclogotransparent.png  used on input line 793.
(pdftex.def)             Requested size: 28.45094pt x 28.45094pt.
 [49

 <./fig/unitcircle_sin.png> <./fig/unitcircle_rad.png>]
<fig/sin.jpg, id=578, 635.37375pt x 538.26094pt>
File: fig/sin.jpg Graphic file (type jpg)
<use fig/sin.jpg>
Package pdftex.def Info: fig/sin.jpg  used on input line 809.
(pdftex.def)             Requested size: 158.84305pt x 134.5649pt.
File: fig/ddclogotransparent.png Graphic file (type png)
<use fig/ddclogotransparent.png>
Package pdftex.def Info: fig/ddclogotransparent.png  used on input line 809.
(pdftex.def)             Requested size: 28.45094pt x 28.45094pt.
 [50

 <./fig/sin.jpg>]
<fig/desmos1.jpg, id=586, 828.09375pt x 247.67531pt>
File: fig/desmos1.jpg Graphic file (type jpg)
<use fig/desmos1.jpg>
Package pdftex.def Info: fig/desmos1.jpg  used on input line 822.
(pdftex.def)             Requested size: 289.83716pt x 86.68765pt.
<fig/desmos2.jpg, id=587, 825.83531pt x 216.81pt>
File: fig/desmos2.jpg Graphic file (type jpg)
<use fig/desmos2.jpg>
Package pdftex.def Info: fig/desmos2.jpg  used on input line 822.
(pdftex.def)             Requested size: 289.04669pt x 75.88463pt.
File: fig/ddclogotransparent.png Graphic file (type png)
<use fig/ddclogotransparent.png>
Package pdftex.def Info: fig/ddclogotransparent.png  used on input line 822.
(pdftex.def)             Requested size: 28.45094pt x 28.45094pt.
 [51

 <./fig/desmos1.jpg> <./fig/desmos2.jpg>]
<fig/sin_lag.jpg, id=595, 1518.67375pt x 583.17876pt>
File: fig/sin_lag.jpg Graphic file (type jpg)
<use fig/sin_lag.jpg>
Package pdftex.def Info: fig/sin_lag.jpg  used on input line 837.
(pdftex.def)             Requested size: 192.6377pt x 73.97733pt.
<fig/sin_lead.jpg, id=596, 1518.67375pt x 583.17876pt>
File: fig/sin_lead.jpg Graphic file (type jpg)
<use fig/sin_lead.jpg>
Package pdftex.def Info: fig/sin_lead.jpg  used on input line 837.
(pdftex.def)             Requested size: 192.6377pt x 73.97733pt.
File: fig/ddclogotransparent.png Graphic file (type png)
<use fig/ddclogotransparent.png>
Package pdftex.def Info: fig/ddclogotransparent.png  used on input line 837.
(pdftex.def)             Requested size: 28.45094pt x 28.45094pt.

Overfull \vbox (3.47986pt too high) detected at line 837
 []

[52

 <./fig/sin_lag.jpg> <./fig/sin_lead.jpg>]
<fig/sohcahtoa.jpg, id=604, 679.78969pt x 347.79938pt>
File: fig/sohcahtoa.jpg Graphic file (type jpg)
<use fig/sohcahtoa.jpg>
Package pdftex.def Info: fig/sohcahtoa.jpg  used on input line 855.
(pdftex.def)             Requested size: 237.92995pt x 121.7316pt.
File: fig/ddclogotransparent.png Graphic file (type png)
<use fig/ddclogotransparent.png>
Package pdftex.def Info: fig/ddclogotransparent.png  used on input line 855.
(pdftex.def)             Requested size: 28.45094pt x 28.45094pt.
 [53

 <./fig/sohcahtoa.jpg>]
[54

]
<fig/scalarVector.jpg, id=632, 639.38875pt x 297.11pt>
File: fig/scalarVector.jpg Graphic file (type jpg)
<use fig/scalarVector.jpg>
Package pdftex.def Info: fig/scalarVector.jpg  used on input line 868.
(pdftex.def)             Requested size: 227.62204pt x 105.77173pt.
File: fig/ddclogotransparent.png Graphic file (type png)
<use fig/ddclogotransparent.png>
Package pdftex.def Info: fig/ddclogotransparent.png  used on input line 868.
(pdftex.def)             Requested size: 28.45094pt x 28.45094pt.
 [55

 <./fig/scalarVector.jpg>]
<fig/vec5.png, id=642, 60.4659pt x 73.4745pt>
File: fig/vec5.png Graphic file (type png)
<use fig/vec5.png>
Package pdftex.def Info: fig/vec5.png  used on input line 887.
(pdftex.def)             Requested size: 136.5733pt x 165.98985pt.
File: fig/ddclogotransparent.png Graphic file (type png)
<use fig/ddclogotransparent.png>
Package pdftex.def Info: fig/ddclogotransparent.png  used on input line 887.
(pdftex.def)             Requested size: 28.45094pt x 28.45094pt.
 [56

 <./fig/vec5.png>]
<fig/vec1.png, id=651, 72.5109pt x 71.7882pt>
File: fig/vec1.png Graphic file (type png)
<use fig/vec1.png>
Package pdftex.def Info: fig/vec1.png  used on input line 902.
(pdftex.def)             Requested size: 136.5733pt x 135.23125pt.
File: fig/ddclogotransparent.png Graphic file (type png)
<use fig/ddclogotransparent.png>
Package pdftex.def Info: fig/ddclogotransparent.png  used on input line 902.
(pdftex.def)             Requested size: 28.45094pt x 28.45094pt.
 [57

 <./fig/vec1.png>]
<fig/vec2a.png, id=662, 72.0291pt x 72.5109pt>
File: fig/vec2a.png Graphic file (type png)
<use fig/vec2a.png>
Package pdftex.def Info: fig/vec2a.png  used on input line 931.
(pdftex.def)             Requested size: 136.5733pt x 137.51207pt.
File: fig/ddclogotransparent.png Graphic file (type png)
<use fig/ddclogotransparent.png>
Package pdftex.def Info: fig/ddclogotransparent.png  used on input line 931.
(pdftex.def)             Requested size: 28.45094pt x 28.45094pt.

[58

 <./fig/vec2a.png>]
<fig/vec4a.png, id=672, 72.0291pt x 72.5109pt>
File: fig/vec4a.png Graphic file (type png)
<use fig/vec4a.png>
Package pdftex.def Info: fig/vec4a.png  used on input line 951.
(pdftex.def)             Requested size: 136.5733pt x 137.51207pt.
File: fig/ddclogotransparent.png Graphic file (type png)
<use fig/ddclogotransparent.png>
Package pdftex.def Info: fig/ddclogotransparent.png  used on input line 951.
(pdftex.def)             Requested size: 28.45094pt x 28.45094pt.
 [59

 <./fig/vec4a.png>]
<fig/uvec.jpg, id=681, 254.9525pt x 205.76875pt>
File: fig/uvec.jpg Graphic file (type jpg)
<use fig/uvec.jpg>
Package pdftex.def Info: fig/uvec.jpg  used on input line 971.
(pdftex.def)             Requested size: 136.5733pt x 110.23119pt.
File: fig/ddclogotransparent.png Graphic file (type png)
<use fig/ddclogotransparent.png>
Package pdftex.def Info: fig/ddclogotransparent.png  used on input line 971.
(pdftex.def)             Requested size: 28.45094pt x 28.45094pt.
 [60

 <./fig/uvec.jpg>]
<fig/vecdot.jpg, id=689, 205.76875pt x 83.31125pt>
File: fig/vecdot.jpg Graphic file (type jpg)
<use fig/vecdot.jpg>
Package pdftex.def Info: fig/vecdot.jpg  used on input line 995.
(pdftex.def)             Requested size: 136.5733pt x 55.29576pt.
File: fig/ddclogotransparent.png Graphic file (type png)
<use fig/ddclogotransparent.png>
Package pdftex.def Info: fig/ddclogotransparent.png  used on input line 995.
(pdftex.def)             Requested size: 28.45094pt x 28.45094pt.
 [61

 <./fig/vecdot.jpg>]
<fig/veccross.jpg, id=698, 186.6975pt x 83.31125pt>
File: fig/veccross.jpg Graphic file (type jpg)
<use fig/veccross.jpg>
Package pdftex.def Info: fig/veccross.jpg  used on input line 1022.
(pdftex.def)             Requested size: 136.5733pt x 60.94635pt.
<fig/righthandrule.png, id=699, 358.33875pt x 432.61626pt>
File: fig/righthandrule.png Graphic file (type png)
<use fig/righthandrule.png>
Package pdftex.def Info: fig/righthandrule.png  used on input line 1022.
(pdftex.def)             Requested size: 79.6678pt x 96.17924pt.
File: fig/ddclogotransparent.png Graphic file (type png)
<use fig/ddclogotransparent.png>
Package pdftex.def Info: fig/ddclogotransparent.png  used on input line 1022.
(pdftex.def)             Requested size: 28.45094pt x 28.45094pt.
 [62

 <./fig/veccross.jpg> <./fig/righthandrule.png>]
File: fig/ddclogotransparent.png Graphic file (type png)
<use fig/ddclogotransparent.png>
Package pdftex.def Info: fig/ddclogotransparent.png  used on input line 1043.
(pdftex.def)             Requested size: 28.45094pt x 28.45094pt.
 [63

]
<fig/pathagorean.png, id=715, 948.54375pt x 499.8675pt>
File: fig/pathagorean.png Graphic file (type png)
<use fig/pathagorean.png>
Package pdftex.def Info: fig/pathagorean.png  used on input line 1069.
(pdftex.def)             Requested size: 142.26378pt x 74.96925pt.
<fig/pathag3D.jpg, id=716, 375.4025pt x 353.32pt>
File: fig/pathag3D.jpg Graphic file (type jpg)
<use fig/pathag3D.jpg>
Package pdftex.def Info: fig/pathag3D.jpg  used on input line 1069.
(pdftex.def)             Requested size: 113.81102pt x 107.1128pt.
File: fig/ddclogotransparent.png Graphic file (type png)
<use fig/ddclogotransparent.png>
Package pdftex.def Info: fig/ddclogotransparent.png  used on input line 1069.
(pdftex.def)             Requested size: 28.45094pt x 28.45094pt.
 [64

 <./fig/pathagorean.png> <./fig/pathag3D.jpg>] [65

]
<fig/cartoonguidestats.jpg, id=742, 800.9925pt x 1003.75pt>
File: fig/cartoonguidestats.jpg Graphic file (type jpg)
<use fig/cartoonguidestats.jpg>
Package pdftex.def Info: fig/cartoonguidestats.jpg  used on input line 1092.
(pdftex.def)             Requested size: 142.26378pt x 178.26259pt.
File: fig/ddclogotransparent.png Graphic file (type png)
<use fig/ddclogotransparent.png>
Package pdftex.def Info: fig/ddclogotransparent.png  used on input line 1092.
(pdftex.def)             Requested size: 28.45094pt x 28.45094pt.
 [66

 <./fig/cartoonguidestats.jpg>]
File: fig/ddclogotransparent.png Graphic file (type png)
<use fig/ddclogotransparent.png>
Package pdftex.def Info: fig/ddclogotransparent.png  used on input line 1102.
(pdftex.def)             Requested size: 28.45094pt x 28.45094pt.
 [67

]
File: fig/ddclogotransparent.png Graphic file (type png)
<use fig/ddclogotransparent.png>
Package pdftex.def Info: fig/ddclogotransparent.png  used on input line 1107.
(pdftex.def)             Requested size: 28.45094pt x 28.45094pt.
 [68

]
\tf@nav=\write7
\openout7 = `quantum_math.nav'.

\tf@toc=\write8
\openout8 = `quantum_math.toc'.

\tf@snm=\write9
\openout9 = `quantum_math.snm'.

 (./quantum_math.aux)
Package rerunfilecheck Info: File `quantum_math.out' has not changed.
(rerunfilecheck)             Checksum: A2DDCC851FC678EEB9E1539079B1065F;599.
 ) 
Here is how much of TeX's memory you used:
 34358 strings out of 478268
 721794 string characters out of 5846346
 988837 words of memory out of 5000000
 51707 multiletter control sequences out of 15000+600000
 483750 words of font info for 80 fonts, out of 8000000 for 9000
 1141 hyphenation exceptions out of 8191
 128i,15n,122p,456b,876s stack positions out of 10000i,1000n,20000p,200000b,200000s
{/usr/local/texlive/2022/texmf-dist/fonts/enc/dvips/cm-super/cm-super-ts1.enc
}</usr/local/texlive/2022/texmf-dist/fonts/type1/public/amsfonts/cm/cmex10.pfb>
</usr/local/texlive/2022/texmf-dist/fonts/type1/public/amsfonts/cm/cmmi10.pfb><
/usr/local/texlive/2022/texmf-dist/fonts/type1/public/amsfonts/cm/cmmi12.pfb></
usr/local/texlive/2022/texmf-dist/fonts/type1/public/amsfonts/cm/cmss10.pfb></u
sr/local/texlive/2022/texmf-dist/fonts/type1/public/amsfonts/cm/cmss12.pfb></us
r/local/texlive/2022/texmf-dist/fonts/type1/public/amsfonts/cm/cmss8.pfb></usr/
local/texlive/2022/texmf-dist/fonts/type1/public/amsfonts/cm/cmss9.pfb></usr/lo
cal/texlive/2022/texmf-dist/fonts/type1/public/amsfonts/cm/cmssi10.pfb></usr/lo
cal/texlive/2022/texmf-dist/fonts/type1/public/amsfonts/cm/cmssi12.pfb></usr/lo
cal/texlive/2022/texmf-dist/fonts/type1/public/amsfonts/cm/cmssi8.pfb></usr/loc
al/texlive/2022/texmf-dist/fonts/type1/public/amsfonts/cm/cmssi9.pfb></usr/loca
l/texlive/2022/texmf-dist/fonts/type1/public/amsfonts/cm/cmsy10.pfb></usr/local
/texlive/2022/texmf-dist/fonts/type1/public/amsfonts/cm/cmsy6.pfb></usr/local/t
exlive/2022/texmf-dist/fonts/type1/public/amsfonts/cm/cmsy7.pfb></usr/local/tex
live/2022/texmf-dist/fonts/type1/public/amsfonts/cm/cmsy8.pfb></usr/local/texli
ve/2022/texmf-dist/fonts/type1/public/cm-super/sfss0600.pfb>
Output written on quantum_math.pdf (68 pages, 5514711 bytes).
PDF statistics:
 866 PDF objects out of 1000 (max. 8388607)
 593 compressed objects within 6 object streams
 142 named destinations out of 1000 (max. 500000)
 762 words of extra memory for PDF output out of 10000 (max. 10000000)

